Monitoring started. Running every 5 minutes...
Tweet analysis result: PASS
Tweet 1 PASS
✅ Added relevant tweet: https://twitter.com/TitansClubNFT/status/1938723781205229762
Tweet analysis result: PASS
Tweet 2 PASS
✅ Added relevant tweet: https://twitter.com/freezerverse/status/1938723801589784621
Tweet 3 FAIL (Follower count too low)
Tweet analysis result: PASS
Tweet 4 PASS
✅ Added relevant tweet: https://twitter.com/crypto_creed1/status/1938723874465616141
Tweet analysis result: PASS
Tweet 5 PASS
✅ Added relevant tweet: https://twitter.com/Shafique903/status/1938724003461439944
Tweet 6 FAIL (Follower count too low)
Tweet analysis result: PASS
Tweet 7 PASS
✅ Added relevant tweet: https://twitter.com/SOL_Haze2/status/1938724023124291682
Tweet 8 FAIL (Follower count too low)
Tweet 9 FAIL (Follower count too low)
Tweet 10 FAIL (Follower count too low)
Tweet 11 FAIL (Follower count too low)
Tweet analysis result: PASS
Tweet 12 PASS
✅ Added relevant tweet: https://twitter.com/Ganesh_eth/status/1938724554538655812
Tweet 13 FAIL (Follower count too low)
Tweet analysis result: PASS
Tweet 14 PASS
✅ Added relevant tweet: https://twitter.com/Kadiralar20/status/1938724752765472870
Tweet analysis result: PASS
Tweet 15 PASS
✅ Added relevant tweet: https://twitter.com/TitansClubNFT/status/1938724807350034558
Tweet analysis result: PASS
Tweet 16 PASS
✅ Added relevant tweet: https://twitter.com/dexsignals/status/1938725098732867882
Tweet analysis result: PASS
Tweet 17 PASS
✅ Added relevant tweet: https://twitter.com/SearchOnDora/status/1938725113450381821
Tweet analysis result: PASS
Tweet 18 PASS
✅ Added relevant tweet: https://twitter.com/Dwen_Exchange/status/1938725225530863915
Tweet 19 FAIL (Follower count too low)
Tweet 20 FAIL (Follower count too low)
Tweet 21 FAIL (Follower count too low)
Tweet analysis result: PASS
Tweet 22 PASS
✅ Added relevant tweet: https://twitter.com/beyza_yksll/status/1938725919402697098
Tweet analysis result: PASS
Tweet 23 PASS
✅ Added relevant tweet: https://twitter.com/El__khalil/status/1938725949089993166
Tweet analysis result: PASS
Tweet 24 PASS
✅ Added relevant tweet: https://twitter.com/ripdoteth/status/1938726344243724298
Tweet 25 FAIL (Follower count too low)
Tweet 26 FAIL (Follower count too low)
Tweet 27 FAIL (Follower count too low)
Tweet analysis result: FAIL (Analysis timeout)
Tweet analysis result: PASS
Tweet 28 PASS
✅ Added relevant tweet: https://twitter.com/rickcrites/status/1938726542604902559
Tweet analysis result: FAIL (Analysis timeout)
Tweet 29 FAIL (Follower count too low)
Tweet analysis result: PASS
Tweet 30 PASS
✅ Added relevant tweet: https://twitter.com/Emily_Xbt/status/1938726566928040246
Tweet analysis result: FAIL (Analysis timeout)
Tweet 31 FAIL (Follower count too low)
Already processing, skipping...
Tweet analysis result: PASS
Tweet 32 PASS
✅ Added relevant tweet: https://twitter.com/Mr_DaveChigozie/status/1938726989709615495
Tweet analysis result: FAIL (Analysis timeout)
Tweet 33 FAIL (Follower count too low)
Tweet 34 FAIL (Follower count too low)
Tweet 35 FAIL (Follower count too low)
Tweet analysis result: FAIL (Analysis timeout)
Tweet 36 FAIL (Follower count too low)
Tweet 37 FAIL (Follower count too low)
Tweet 38 FAIL (Follower count too low)
Tweet 39 FAIL (Follower count too low)
Tweet 40 FAIL (Follower count too low)
Tweet 41 FAIL (Follower count too low)
Tweet analysis result: FAIL (Analysis timeout)
Tweet analysis result: PASS
Tweet 42 PASS
✅ Added relevant tweet: https://twitter.com/Kadiralar20/status/1938728391387291688
Tweet 43 FAIL (Follower count too low)
Tweet analysis result: FAIL (Analysis timeout)
Tweet analysis result: PASS
Tweet 44 PASS
✅ Added relevant tweet: https://twitter.com/AsapChow/status/1938728665958813880
Tweet analysis result: FAIL (Analysis timeout)
Tweet 45 FAIL (Follower count too low)
Tweet 46 FAIL (Follower count too low)
Tweet analysis result: FAIL (Analysis timeout)
Tweet analysis result: PASS
Tweet 47 PASS
✅ Added relevant tweet: https://twitter.com/Wolf_defi_eth/status/1938728740969980060
Tweet analysis result: FAIL (Analysis timeout)
Tweet 48 FAIL (Follower count too low)
Tweet 49 FAIL (Follower count too low)
Tweet analysis result: FAIL (Analysis timeout)
Tweet 50 FAIL (Follower count too low)
Tweet 51 FAIL (Follower count too low)
Tweet 52 FAIL (Follower count too low)
Tweet 53 FAIL (Follower count too low)
Tweet 54 FAIL (Follower count too low)
Tweet analysis result: FAIL (Analysis timeout)
Tweet 55 FAIL (Follower count too low)
Tweet analysis result: FAIL (Analysis timeout)
Tweet analysis result: PASS
Tweet 56 PASS
✅ Added relevant tweet: https://twitter.com/YouSimDotAI/status/1938729945410195659
Tweet analysis result: FAIL (Analysis timeout)
Tweet analysis result: PASS
Tweet 57 PASS
✅ Added relevant tweet: https://twitter.com/real_pappydee/status/1938730099035021747
Tweet analysis result: PASS
Tweet 58 PASS
✅ Added relevant tweet: https://twitter.com/RyanSAdams/status/1938730105507061963
Tweet analysis result: FAIL (Analysis timeout)
Tweet analysis result: PASS
Tweet 59 PASS
✅ Added relevant tweet: https://twitter.com/0xObsidianEnoch/status/1938730150746824909
Tweet analysis result: PASS
Tweet 60 PASS
✅ Added relevant tweet: https://twitter.com/TitansClubNFT/status/1938730324608815182
Tweet analysis result: FAIL (Analysis timeout)
Tweet analysis result: PASS
Tweet 61 PASS
✅ Added relevant tweet: https://twitter.com/Rue1776/status/1938730454980665477
Tweet analysis result: FAIL (Analysis timeout)
Failed to load profile for @wangihoki2025: Waiting for selector `a[href*="verified_followers"] span > span` failed: Waiting failed: 15000ms exceeded
Tweet 62 FAIL (Follower count too low)
Tweet 63 FAIL (Follower count too low)
Tweet 64 FAIL (Follower count too low)
Tweet 65 FAIL (Follower count too low)
Tweet analysis result: PASS
Tweet 66 PASS
✅ Added relevant tweet: https://twitter.com/TitansClubNFT/status/1938731087355617625
Tweet analysis result: FAIL (Analysis timeout)
Tweet analysis result: PASS
Tweet 67 PASS
✅ Added relevant tweet: https://twitter.com/0x_samie/status/1938731114237194276
Tweet 68 FAIL (Follower count too low)
Tweet analysis result: FAIL (Analysis timeout)
Tweet 69 FAIL (Follower count too low)
Tweet 70 FAIL (Follower count too low)
Tweet 71 FAIL (Follower count too low)
Tweet 72 FAIL (Follower count too low)
Tweet analysis result: FAIL (Analysis timeout)
Tweet 73 FAIL (Follower count too low)
Tweet 74 FAIL (Follower count too low)
Tweet 75 FAIL (Follower count too low)
Tweet 76 FAIL (Follower count too low)
Tweet 77 FAIL (Follower count too low)
Tweet 78 FAIL (Follower count too low)
Tweet 79 FAIL (Follower count too low)
Tweet 80 FAIL (Follower count too low)
Tweet analysis result: PASS
Already processing, skipping...
Tweet 81 PASS
✅ Added relevant tweet: https://twitter.com/De_BlackAngel_/status/1938733575643259192
Tweet analysis result: FAIL (Analysis timeout)
Tweet analysis result: PASS
Tweet 82 PASS
✅ Added relevant tweet: https://twitter.com/big_rango/status/1938733662524383409
Tweet analysis result: FAIL (Analysis timeout)
Tweet 83 FAIL (Follower count too low)
Tweet 84 FAIL (Follower count too low)
Tweet analysis result: FAIL (Analysis timeout)
Tweet 85 FAIL (Follower count too low)
Tweet 86 FAIL (Follower count too low)
Tweet analysis result: FAIL (Analysis timeout)
Tweet analysis result: PASS
Tweet 87 PASS
✅ Added relevant tweet: https://twitter.com/rickcrites/status/1938734110781890716
Tweet analysis result: FAIL (Analysis timeout)
Tweet analysis result: PASS
Tweet 88 PASS
✅ Added relevant tweet: https://twitter.com/EthereumFear/status/1938734115370496467
Tweet analysis result: FAIL (Analysis timeout)
Tweet 89 FAIL (Follower count too low)
Tweet 90 FAIL (Follower count too low)
Tweet 91 FAIL (Follower count too low)
Tweet 92 FAIL (Follower count too low)
Tweet analysis result: PASS
Tweet 93 PASS
✅ Added relevant tweet: https://twitter.com/0xEdemm/status/1938734656943231407
Tweet analysis result: PASS
Tweet 94 PASS
✅ Added relevant tweet: https://twitter.com/goldrobesalpha/status/1938734746164756539
Tweet 95 FAIL (Follower count too low)
Tweet analysis result: FAIL (Analysis timeout)
Tweet 96 FAIL (Follower count too low)
Tweet 97 FAIL (Follower count too low)
Tweet analysis result: FAIL (Analysis timeout)
Tweet 98 FAIL (Follower count too low)
Tweet analysis result: PASS
Tweet 99 PASS
✅ Added relevant tweet: https://twitter.com/JordanOnChain/status/1938735154820001925
Tweet 100 FAIL (Follower count too low)
Tweet 101 FAIL (Follower count too low)
Tweet analysis result: PASS
Tweet 102 PASS
✅ Added relevant tweet: https://twitter.com/lorepunkdoteth/status/1938735558676852944
Tweet 103 FAIL (Follower count too low)
Tweet 104 FAIL (Follower count too low)
Tweet 105 FAIL (Follower count too low)
Tweet 106 FAIL (Follower count too low)
Tweet 107 FAIL (Follower count too low)
Tweet 108 FAIL (Follower count too low)
Tweet analysis result: FAIL (Analysis timeout)
Tweet analysis result: PASS
Tweet 109 PASS
✅ Added relevant tweet: https://twitter.com/im_rajaali/status/1938736499240956241
Tweet 110 FAIL (Follower count too low)
Tweet analysis result: FAIL (Analysis timeout)
Tweet 111 FAIL (Follower count too low)
Tweet 112 FAIL (Follower count too low)
Tweet 113 FAIL (Follower count too low)
Tweet 114 FAIL (Follower count too low)
Tweet 115 FAIL (Follower count too low)
Tweet analysis result: FAIL (Analysis timeout)
Tweet analysis result: PASS
Tweet 116 PASS
✅ Added relevant tweet: https://twitter.com/TitansClubNFT/status/1938737637524742555
Tweet analysis result: FAIL (Analysis timeout)
Tweet 117 FAIL (Follower count too low)
Tweet analysis result: PASS
Tweet 118 PASS
✅ Added relevant tweet: https://twitter.com/meitipro1/status/1938737845167886527
Tweet 119 FAIL (Follower count too low)
Tweet analysis result: PASS
Tweet 120 PASS
✅ Added relevant tweet: https://twitter.com/beatshappening/status/1938737878789394510
Tweet analysis result: FAIL (Analysis timeout)
Tweet analysis result: PASS
Tweet 121 PASS
✅ Added relevant tweet: https://twitter.com/carefreebear/status/1938737954068820242
Tweet analysis result: FAIL (Analysis timeout)
Tweet 122 FAIL (Follower count too low)
Tweet 123 FAIL (Follower count too low)
Tweet 124 FAIL (Follower count too low)
Tweet 125 FAIL (Follower count too low)
Tweet 126 FAIL (Follower count too low)
Tweet analysis result: FAIL (Analysis timeout)
Tweet 127 FAIL (Follower count too low)
Already processing, skipping...
Tweet 128 FAIL (Follower count too low)
Tweet 129 FAIL (Follower count too low)
Tweet 130 FAIL (Follower count too low)
Tweet analysis result: FAIL (Analysis timeout)
Tweet 131 FAIL (Follower count too low)
Tweet analysis result: PASS
Tweet 132 PASS
✅ Added relevant tweet: https://twitter.com/dexsignals/status/1938739628196168192
Tweet 133 FAIL (Follower count too low)
Tweet 134 FAIL (Follower count too low)
Tweet 135 FAIL (Follower count too low)
Tweet 136 FAIL (Follower count too low)
Tweet analysis result: FAIL (Analysis timeout)
Tweet 137 FAIL (Follower count too low)
Tweet analysis result: PASS
Tweet 138 PASS
✅ Added relevant tweet: https://twitter.com/dexsignals/status/1938740861166403898
Tweet 139 FAIL (Follower count too low)
Tweet 140 FAIL (Follower count too low)
Tweet 141 FAIL (Follower count too low)
Tweet analysis result: PASS
Tweet 142 PASS
✅ Added relevant tweet: https://twitter.com/justariq1/status/1938741145842143253
Tweet analysis result: FAIL (Analysis timeout)
Tweet 143 FAIL (Follower count too low)
Tweet analysis result: FAIL (Analysis timeout)
Failed to load profile for @Eth_paloma0x: Waiting for selector `a[href*="verified_followers"] span > span` failed: Waiting failed: 15000ms exceeded
Tweet 144 FAIL (Follower count too low)
Tweet analysis result: PASS
Tweet analysis result: FAIL (Analysis timeout)
Tweet 145 PASS
✅ Added relevant tweet: https://twitter.com/DipWheeler/status/1938741445734867353
Tweet analysis result: PASS
Tweet 146 PASS
✅ Added relevant tweet: https://twitter.com/RokoMijic/status/1938741497362555306
Tweet analysis result: FAIL (Analysis timeout)
Tweet analysis result: PASS
Tweet 147 PASS
✅ Added relevant tweet: https://twitter.com/Wise_Token/status/1938741641457868928
Tweet 148 FAIL (Follower count too low)
Tweet 149 FAIL (Follower count too low)
Tweet 150 FAIL (Follower count too low)
Tweet 151 FAIL (Follower count too low)
Tweet analysis result: PASS
Tweet 152 PASS
✅ Added relevant tweet: https://twitter.com/TitansClubNFT/status/1938742413981348120
Tweet 153 FAIL (Follower count too low)
Tweet 154 FAIL (Follower count too low)
Tweet 155 FAIL (Follower count too low)
Tweet analysis result: FAIL (Analysis timeout)
Tweet analysis result: PASS
Tweet 156 PASS
✅ Added relevant tweet: https://twitter.com/dexsignals/status/1938742779607458293
Tweet analysis result: PASS
Tweet 157 PASS
✅ Added relevant tweet: https://twitter.com/Smartecio/status/1938742900818415997
Tweet 158 FAIL (Follower count too low)
Tweet 159 FAIL (Follower count too low)
Tweet 160 FAIL (Follower count too low)
Tweet analysis result: FAIL (Analysis timeout)
Tweet 161 FAIL (Follower count too low)
Tweet 162 FAIL (Follower count too low)
Tweet 163 FAIL (Follower count too low)
Tweet 164 FAIL (Follower count too low)
Tweet 165 FAIL (Follower count too low)
Tweet analysis result: FAIL (Analysis timeout)
Tweet 166 FAIL (Follower count too low)
Tweet 167 FAIL (Follower count too low)
Tweet analysis result: PASS
Tweet 168 PASS
✅ Added relevant tweet: https://twitter.com/CillionaireMind/status/1938744234972193008
Tweet analysis result: PASS
Tweet 169 PASS
✅ Added relevant tweet: https://twitter.com/isr33l/status/1938744283298767297
Tweet 170 FAIL (Follower count too low)
Already processing, skipping...
Tweet analysis result: FAIL (Analysis timeout)
Tweet 171 FAIL (Follower count too low)
Tweet analysis result: PASS
Tweet 172 PASS
✅ Added relevant tweet: https://twitter.com/AlvaApp/status/1938744971731050806
Tweet analysis result: FAIL (Analysis timeout)
Tweet 173 FAIL (Follower count too low)
Tweet analysis result: FAIL (Analysis timeout)
Tweet 174 FAIL (Follower count too low)
Tweet 175 FAIL (Follower count too low)
Tweet analysis result: PASS
Tweet 176 PASS
✅ Added relevant tweet: https://twitter.com/dcryptodragons/status/1938746493688512622
Tweet analysis result: PASS
Tweet 177 PASS
✅ Added relevant tweet: https://twitter.com/dcryptodragons/status/1938746522633715905
Tweet analysis result: FAIL (Analysis timeout)
Tweet analysis result: PASS
Tweet 178 PASS
✅ Added relevant tweet: https://twitter.com/dcryptodragons/status/1938746581794103697
Tweet 179 FAIL (Follower count too low)
Tweet analysis result: PASS
Tweet 180 PASS
✅ Added relevant tweet: https://twitter.com/dcryptodragons/status/1938746678418309155
Tweet analysis result: FAIL (Analysis timeout)
Tweet analysis result: PASS
Tweet 181 PASS
✅ Added relevant tweet: https://twitter.com/dcryptodragons/status/1938746719430172780
Tweet analysis result: FAIL (Analysis timeout)
Tweet analysis result: PASS
Tweet 182 PASS
✅ Added relevant tweet: https://twitter.com/dcryptodragons/status/1938746754293551153
Tweet analysis result: PASS
Tweet 183 PASS
✅ Added relevant tweet: https://twitter.com/dcryptodragons/status/1938746808726913112
Tweet analysis result: PASS
Tweet 184 PASS
✅ Added relevant tweet: https://twitter.com/manifoldxyz/status/1938746820580012234
Tweet analysis result: PASS
Tweet 185 PASS
✅ Added relevant tweet: https://twitter.com/dcryptodragons/status/1938747806358925501
Tweet analysis result: PASS
Tweet 186 PASS
✅ Added relevant tweet: https://twitter.com/EmblemMarkets/status/1938747840538321099
Tweet analysis result: PASS
Tweet 187 PASS
✅ Added relevant tweet: https://twitter.com/cryptodataspace/status/1938747848058646839
Tweet analysis result: FAIL (Analysis timeout)
Tweet analysis result: PASS
Tweet 188 PASS
✅ Added relevant tweet: https://twitter.com/dcryptodragons/status/1938747850726482402
Tweet analysis result: FAIL (Analysis timeout)
Tweet 189 FAIL (Follower count too low)
Tweet analysis result: PASS
Tweet 190 PASS
✅ Added relevant tweet: https://twitter.com/dcryptodragons/status/1938747880329580938
Tweet analysis result: FAIL (Analysis timeout)
Tweet analysis result: PASS
Tweet 191 PASS
✅ Added relevant tweet: https://twitter.com/dcryptodragons/status/1938747920762675492
Tweet 192 FAIL (Follower count too low)
Tweet analysis result: PASS
Tweet 193 PASS
✅ Added relevant tweet: https://twitter.com/dcryptodragons/status/1938747954824991124
Tweet analysis result: FAIL (Analysis timeout)
Tweet analysis result: PASS
Tweet 194 PASS
✅ Added relevant tweet: https://twitter.com/dcryptodragons/status/1938747985732731116
Tweet analysis result: FAIL (Analysis timeout)
Tweet analysis result: PASS
Tweet 195 PASS
✅ Added relevant tweet: https://twitter.com/Matt41145588/status/1938748674193973252
Tweet analysis result: FAIL (Analysis timeout)
Tweet analysis result: PASS
Tweet 196 PASS
✅ Added relevant tweet: https://twitter.com/BraVoCycles/status/1938748812433989712
Tweet 197 FAIL (Follower count too low)
Tweet analysis result: FAIL (Analysis timeout)
Tweet 198 FAIL (Follower count too low)
Tweet 199 FAIL (Follower count too low)
Tweet analysis result: FAIL (Analysis timeout)
Tweet analysis result: FAIL (Analysis timeout)
Failed to load profile for @BowTiedPriceBot: Waiting for selector `a[href*="verified_followers"] span > span` failed: Waiting failed: 15000ms exceeded
Tweet 200 FAIL (Follower count too low)
Tweet analysis result: FAIL (Analysis timeout)
Already processing, skipping...
Tweet analysis result: FAIL (Analysis timeout)
Failed to load profile for @EthereumFear: Waiting for selector `a[href*="verified_followers"] span > span` failed: Waiting failed: 15000ms exceeded
Tweet 201 FAIL (Follower count too low)
Tweet analysis result: FAIL (Analysis timeout)
Tweet analysis result: FAIL (Analysis timeout)
Failed to load profile for @poorthekid0: Waiting for selector `a[href*="verified_followers"] span > span` failed: Waiting failed: 15000ms exceeded
Tweet 202 FAIL (Follower count too low)
Tweet analysis result: FAIL (Analysis timeout)
Failed to load profile for @pp_degencalls: Waiting for selector `a[href*="verified_followers"] span > span` failed: Waiting failed: 15000ms exceeded
Tweet 203 FAIL (Follower count too low)
Tweet analysis result: FAIL (Analysis timeout)
Tweet analysis result: FAIL (Analysis timeout)
Failed to load profile for @pp_degencalls: Waiting for selector `a[href*="verified_followers"] span > span` failed: Waiting failed: 15000ms exceeded
Tweet 204 FAIL (Follower count too low)
Tweet analysis result: FAIL (Analysis timeout)
Tweet analysis result: FAIL (Analysis timeout)
Tweet analysis result: FAIL (Analysis timeout)
Tweet analysis result: FAIL (Analysis timeout)
Tweet analysis result: FAIL (Analysis timeout)
Tweet 205 FAIL (Follower count too low)
Tweet analysis result: PASS
Tweet 206 PASS
✅ Added relevant tweet: https://twitter.com/FireBrightX/status/1938749953150484853
Tweet 207 FAIL (Follower count too low)
Tweet analysis result: PASS
Tweet 208 PASS
✅ Added relevant tweet: https://twitter.com/IamEmpressdee/status/1938750038596841777
Tweet 209 FAIL (Follower count too low)
Tweet analysis result: PASS
Tweet 210 PASS
✅ Added relevant tweet: https://twitter.com/seuncoded/status/1938750135053242865
Tweet analysis result: PASS
Tweet 211 PASS
✅ Added relevant tweet: https://twitter.com/coinhippoHQ/status/1938750200987762698
Tweet 212 FAIL (Follower count too low)
Tweet 213 FAIL (Follower count too low)
Tweet 214 FAIL (Follower count too low)
Tweet analysis result: PASS
Tweet 215 PASS
✅ Added relevant tweet: https://twitter.com/0xndra/status/1938751198682849441
Tweet 216 FAIL (Follower count too low)
Failed to load profile for @Web3_Ambassador: Waiting for selector `a[href*="verified_followers"] span > span` failed: Waiting failed: 15000ms exceeded
Tweet 217 FAIL (Follower count too low)
Failed to load profile for @EmblemMarkets: Waiting for selector `a[href*="verified_followers"] span > span` failed: Waiting failed: 15000ms exceeded
Tweet 218 FAIL (Follower count too low)
Failed to load profile for @hitdexBot: Waiting for selector `a[href*="verified_followers"] span > span` failed: Waiting failed: 15000ms exceeded
Tweet 219 FAIL (Follower count too low)
Tweet analysis result: FAIL (Analysis timeout)
Failed to load profile for @AmericanRe90063: Waiting for selector `a[href*="verified_followers"] span > span` failed: Waiting failed: 15000ms exceeded
Tweet 220 FAIL (Follower count too low)
Tweet analysis result: FAIL (Analysis timeout)
Failed to load profile for @HannahSmit35278: Waiting for selector `a[href*="verified_followers"] span > span` failed: Waiting failed: 15000ms exceeded
Tweet analysis result: FAIL (Analysis timeout)
Tweet 221 FAIL (Follower count too low)
Tweet analysis result: FAIL (Analysis timeout)
Failed to load profile for @DefiPrince88: Waiting for selector `a[href*="verified_followers"] span > span` failed: Waiting failed: 15000ms exceeded
Tweet 222 FAIL (Follower count too low)
Failed to load profile for @Dilara52060778: Waiting for selector `a[href*="verified_followers"] span > span` failed: Waiting failed: 15000ms exceeded
Tweet analysis result: FAIL (Analysis timeout)
Tweet 223 FAIL (Follower count too low)
Failed to load profile for @NetoCor59773226: Waiting for selector `a[href*="verified_followers"] span > span` failed: Waiting failed: 15000ms exceeded
Tweet 224 FAIL (Follower count too low)
Already processing, skipping...
Failed to load profile for @NowYouSeeBTC: Waiting for selector `a[href*="verified_followers"] span > span` failed: Waiting failed: 15000ms exceeded
Tweet 225 FAIL (Follower count too low)
Failed to load profile for @KriptoK29750415: Waiting for selector `a[href*="verified_followers"] span > span` failed: Waiting failed: 15000ms exceeded
Tweet 226 FAIL (Follower count too low)
Failed to load profile for @Logginnn41: Waiting for selector `a[href*="verified_followers"] span > span` failed: Waiting failed: 15000ms exceeded
Tweet 227 FAIL (Follower count too low)
Failed to load profile for @0xValentinesXBT: Waiting for selector `a[href*="verified_followers"] span > span` failed: Waiting failed: 15000ms exceeded
Tweet 228 FAIL (Follower count too low)
Failed to load profile for @Faithajani: Waiting for selector `a[href*="verified_followers"] span > span` failed: Waiting failed: 15000ms exceeded
Tweet 229 FAIL (Follower count too low)
Failed to load profile for @Anibael1: Waiting for selector `a[href*="verified_followers"] span > span` failed: Waiting failed: 15000ms exceeded
Tweet 230 FAIL (Follower count too low)
Failed to load profile for @Itzlost8144: Waiting for selector `a[href*="verified_followers"] span > span` failed: Waiting failed: 15000ms exceeded
Tweet 231 FAIL (Follower count too low)
Failed to load profile for @TitansClubNFT: Waiting for selector `a[href*="verified_followers"] span > span` failed: Waiting failed: 15000ms exceeded
Tweet 232 FAIL (Follower count too low)
Failed to load profile for @txWYOARbzUTc4Qh: Waiting for selector `a[href*="verified_followers"] span > span` failed: Waiting failed: 15000ms exceeded
Tweet 233 FAIL (Follower count too low)
Failed to load profile for @elsandrosol: Waiting for selector `a[href*="verified_followers"] span > span` failed: Waiting failed: 15000ms exceeded
Tweet 234 FAIL (Follower count too low)
Failed to load profile for @vooidds: Waiting for selector `a[href*="verified_followers"] span > span` failed: Waiting failed: 15000ms exceeded
Tweet 235 FAIL (Follower count too low)
Failed to load profile for @poOoqah: Waiting for selector `a[href*="verified_followers"] span > span` failed: Waiting failed: 15000ms exceeded
Tweet 236 FAIL (Follower count too low)
Failed to load profile for @yang__3laney: Waiting for selector `a[href*="verified_followers"] span > span` failed: Waiting failed: 15000ms exceeded
Tweet 237 FAIL (Follower count too low)
Failed to load profile for @__LuckyGold: Waiting for selector `a[href*="verified_followers"] span > span` failed: Waiting failed: 15000ms exceeded
Tweet 238 FAIL (Follower count too low)
Failed to load profile for @_techieboii: Waiting for selector `a[href*="verified_followers"] span > span` failed: Waiting failed: 15000ms exceeded
Tweet 239 FAIL (Follower count too low)
Already processing, skipping...
Failed to load profile for @WilderWorldBot: Waiting for selector `a[href*="verified_followers"] span > span` failed: Waiting failed: 15000ms exceeded
Tweet 240 FAIL (Follower count too low)
Failed to load profile for @WilderWorldBot: Waiting for selector `a[href*="verified_followers"] span > span` failed: Waiting failed: 15000ms exceeded
Tweet 241 FAIL (Follower count too low)
Failed to load profile for @_techieboii: Waiting for selector `a[href*="verified_followers"] span > span` failed: Waiting failed: 15000ms exceeded
Tweet 242 FAIL (Follower count too low)
Failed to load profile for @Anibael1: Waiting for selector `a[href*="verified_followers"] span > span` failed: Waiting failed: 15000ms exceeded
Tweet 243 FAIL (Follower count too low)
Failed to load profile for @itsxiiix: Waiting for selector `a[href*="verified_followers"] span > span` failed: Waiting failed: 15000ms exceeded
Tweet 244 FAIL (Follower count too low)
Failed to load profile for @opu1enceku1tur3: Waiting for selector `a[href*="verified_followers"] span > span` failed: Waiting failed: 15000ms exceeded
Tweet 245 FAIL (Follower count too low)
Failed to load profile for @0xotuken: Waiting for selector `a[href*="verified_followers"] span > span` failed: Waiting failed: 15000ms exceeded
Tweet 246 FAIL (Follower count too low)
Failed to load profile for @WarezTv120131: Waiting for selector `a[href*="verified_followers"] span > span` failed: Waiting failed: 15000ms exceeded
Tweet 247 FAIL (Follower count too low)
Failed to load profile for @Crypto_Domainer: Waiting for selector `a[href*="verified_followers"] span > span` failed: Waiting failed: 15000ms exceeded
Tweet 248 FAIL (Follower count too low)
Failed to load profile for @1Bdollarsite: Waiting for selector `a[href*="verified_followers"] span > span` failed: Waiting failed: 15000ms exceeded
Tweet 249 FAIL (Follower count too low)
Failed to load profile for @airdropp247: Waiting for selector `a[href*="verified_followers"] span > span` failed: Waiting failed: 15000ms exceeded
Tweet 250 FAIL (Follower count too low)
Failed to load profile for @Aaliya1k6: Waiting for selector `a[href*="verified_followers"] span > span` failed: Waiting failed: 15000ms exceeded
Tweet 251 FAIL (Follower count too low)
Failed to load profile for @Motoswap180136: Waiting for selector `a[href*="verified_followers"] span > span` failed: Waiting failed: 15000ms exceeded
Tweet 252 FAIL (Follower count too low)
Error processing rows: GaxiosError: request to https://www.googleapis.com/oauth2/v4/token failed, reason: getaddrinfo ENOTFOUND www.googleapis.com
    at Gaxios._request (/Users/snookysalimbot/Downloads/xbot/node_modules/gaxios/build/src/gaxios.js:149:19)
    at process.processTicksAndRejections (node:internal/process/task_queues:95:5)
    at async GoogleToken._GoogleToken_requestToken (/Users/snookysalimbot/Downloads/xbot/node_modules/gtoken/build/src/index.js:241:19)
    at async GoogleToken._GoogleToken_getTokenAsync (/Users/snookysalimbot/Downloads/xbot/node_modules/gtoken/build/src/index.js:160:16)
    at async JWT.refreshTokenNoCache (/Users/snookysalimbot/Downloads/xbot/node_modules/google-auth-library/build/src/auth/jwtclient.js:173:23)
    at async JWT.getRequestMetadataAsync (/Users/snookysalimbot/Downloads/xbot/node_modules/google-auth-library/build/src/auth/oauth2client.js:333:17)
    at async JWT.requestAsync (/Users/snookysalimbot/Downloads/xbot/node_modules/google-auth-library/build/src/auth/oauth2client.js:418:23)
    at async getLatestEthereumTweetsSpreadsheet (/Users/snookysalimbot/Downloads/xbot/monitorRelevantTweets.js:35:15)
    at async processNewRows (/Users/snookysalimbot/Downloads/xbot/monitorRelevantTweets.js:137:22)
    at async Timeout._onTimeout (/Users/snookysalimbot/Downloads/xbot/node_modules/node-cron/dist/cjs/scheduler/runner.js:70:44) {
  config: {
    method: 'POST',
    url: 'https://www.googleapis.com/oauth2/v4/token',
    data: {
      grant_type: '<<REDACTED> - See `errorRedactor` option in `gaxios` for configuration>.',
      assertion: '<<REDACTED> - See `errorRedactor` option in `gaxios` for configuration>.'
    },
    headers: {
      'Content-Type': 'application/x-www-form-urlencoded',
      'User-Agent': 'google-api-nodejs-client/9.15.1',
      'x-goog-api-client': 'gl-node/18.17.1',
      Accept: 'application/json'
    },
    responseType: 'json',
    retryConfig: {
      httpMethodsToRetry: [Array],
      currentRetryAttempt: 2,
      retry: 3,
      noResponseRetries: 2,
      retryDelayMultiplier: 2,
      timeOfFirstRequest: 1751071500044,
      totalTimeout: 9007199254740991,
      maxRetryDelay: 9007199254740991,
      statusCodesToRetry: [Array]
    },
    paramsSerializer: [Function: paramsSerializer],
    body: '<<REDACTED> - See `errorRedactor` option in `gaxios` for configuration>.',
    validateStatus: [Function: validateStatus],
    errorRedactor: [Function: defaultErrorRedactor]
  },
  response: undefined,
  error: FetchError: request to https://www.googleapis.com/oauth2/v4/token failed, reason: getaddrinfo ENOTFOUND www.googleapis.com
      at ClientRequest.<anonymous> (/Users/snookysalimbot/Downloads/xbot/node_modules/node-fetch/lib/index.js:1501:11)
      at ClientRequest.emit (node:events:514:28)
      at TLSSocket.socketErrorListener (node:_http_client:501:9)
      at TLSSocket.emit (node:events:514:28)
      at emitErrorNT (node:internal/streams/destroy:151:8)
      at emitErrorCloseNT (node:internal/streams/destroy:116:3)
      at process.processTicksAndRejections (node:internal/process/task_queues:82:21) {
    type: 'system',
    errno: 'ENOTFOUND',
    code: 'ENOTFOUND'
  },
  code: 'ENOTFOUND',
  [Symbol(gaxios-gaxios-error)]: '6.7.1'
}
Error processing rows: GaxiosError: request to https://www.googleapis.com/oauth2/v4/token failed, reason: getaddrinfo ENOTFOUND www.googleapis.com
    at Gaxios._request (/Users/snookysalimbot/Downloads/xbot/node_modules/gaxios/build/src/gaxios.js:149:19)
    at process.processTicksAndRejections (node:internal/process/task_queues:95:5)
    at async GoogleToken._GoogleToken_requestToken (/Users/snookysalimbot/Downloads/xbot/node_modules/gtoken/build/src/index.js:241:19)
    at async GoogleToken._GoogleToken_getTokenAsync (/Users/snookysalimbot/Downloads/xbot/node_modules/gtoken/build/src/index.js:160:16)
    at async JWT.refreshTokenNoCache (/Users/snookysalimbot/Downloads/xbot/node_modules/google-auth-library/build/src/auth/jwtclient.js:173:23)
    at async JWT.getRequestMetadataAsync (/Users/snookysalimbot/Downloads/xbot/node_modules/google-auth-library/build/src/auth/oauth2client.js:333:17)
    at async JWT.requestAsync (/Users/snookysalimbot/Downloads/xbot/node_modules/google-auth-library/build/src/auth/oauth2client.js:418:23)
    at async getLatestEthereumTweetsSpreadsheet (/Users/snookysalimbot/Downloads/xbot/monitorRelevantTweets.js:35:15)
    at async processNewRows (/Users/snookysalimbot/Downloads/xbot/monitorRelevantTweets.js:137:22)
    at async Timeout._onTimeout (/Users/snookysalimbot/Downloads/xbot/node_modules/node-cron/dist/cjs/scheduler/runner.js:70:44) {
  config: {
    method: 'POST',
    url: 'https://www.googleapis.com/oauth2/v4/token',
    data: {
      grant_type: '<<REDACTED> - See `errorRedactor` option in `gaxios` for configuration>.',
      assertion: '<<REDACTED> - See `errorRedactor` option in `gaxios` for configuration>.'
    },
    headers: {
      'Content-Type': 'application/x-www-form-urlencoded',
      'User-Agent': 'google-api-nodejs-client/9.15.1',
      'x-goog-api-client': 'gl-node/18.17.1',
      Accept: 'application/json'
    },
    responseType: 'json',
    retryConfig: {
      httpMethodsToRetry: [Array],
      currentRetryAttempt: 2,
      retry: 3,
      noResponseRetries: 2,
      retryDelayMultiplier: 2,
      timeOfFirstRequest: 1751071800028,
      totalTimeout: 9007199254740991,
      maxRetryDelay: 9007199254740991,
      statusCodesToRetry: [Array]
    },
    paramsSerializer: [Function: paramsSerializer],
    body: '<<REDACTED> - See `errorRedactor` option in `gaxios` for configuration>.',
    validateStatus: [Function: validateStatus],
    errorRedactor: [Function: defaultErrorRedactor]
  },
  response: undefined,
  error: FetchError: request to https://www.googleapis.com/oauth2/v4/token failed, reason: getaddrinfo ENOTFOUND www.googleapis.com
      at ClientRequest.<anonymous> (/Users/snookysalimbot/Downloads/xbot/node_modules/node-fetch/lib/index.js:1501:11)
      at ClientRequest.emit (node:events:514:28)
      at TLSSocket.socketErrorListener (node:_http_client:501:9)
      at TLSSocket.emit (node:events:514:28)
      at emitErrorNT (node:internal/streams/destroy:151:8)
      at emitErrorCloseNT (node:internal/streams/destroy:116:3)
      at process.processTicksAndRejections (node:internal/process/task_queues:82:21) {
    type: 'system',
    errno: 'ENOTFOUND',
    code: 'ENOTFOUND'
  },
  code: 'ENOTFOUND',
  [Symbol(gaxios-gaxios-error)]: '6.7.1'
}
Error processing rows: GaxiosError: request to https://www.googleapis.com/oauth2/v4/token failed, reason: getaddrinfo ENOTFOUND www.googleapis.com
    at Gaxios._request (/Users/snookysalimbot/Downloads/xbot/node_modules/gaxios/build/src/gaxios.js:149:19)
    at process.processTicksAndRejections (node:internal/process/task_queues:95:5)
    at async GoogleToken._GoogleToken_requestToken (/Users/snookysalimbot/Downloads/xbot/node_modules/gtoken/build/src/index.js:241:19)
    at async GoogleToken._GoogleToken_getTokenAsync (/Users/snookysalimbot/Downloads/xbot/node_modules/gtoken/build/src/index.js:160:16)
    at async JWT.refreshTokenNoCache (/Users/snookysalimbot/Downloads/xbot/node_modules/google-auth-library/build/src/auth/jwtclient.js:173:23)
    at async JWT.getRequestMetadataAsync (/Users/snookysalimbot/Downloads/xbot/node_modules/google-auth-library/build/src/auth/oauth2client.js:333:17)
    at async JWT.requestAsync (/Users/snookysalimbot/Downloads/xbot/node_modules/google-auth-library/build/src/auth/oauth2client.js:418:23)
    at async getLatestEthereumTweetsSpreadsheet (/Users/snookysalimbot/Downloads/xbot/monitorRelevantTweets.js:35:15)
    at async processNewRows (/Users/snookysalimbot/Downloads/xbot/monitorRelevantTweets.js:137:22)
    at async Timeout._onTimeout (/Users/snookysalimbot/Downloads/xbot/node_modules/node-cron/dist/cjs/scheduler/runner.js:70:44) {
  config: {
    method: 'POST',
    url: 'https://www.googleapis.com/oauth2/v4/token',
    data: {
      grant_type: '<<REDACTED> - See `errorRedactor` option in `gaxios` for configuration>.',
      assertion: '<<REDACTED> - See `errorRedactor` option in `gaxios` for configuration>.'
    },
    headers: {
      'Content-Type': 'application/x-www-form-urlencoded',
      'User-Agent': 'google-api-nodejs-client/9.15.1',
      'x-goog-api-client': 'gl-node/18.17.1',
      Accept: 'application/json'
    },
    responseType: 'json',
    retryConfig: {
      httpMethodsToRetry: [Array],
      currentRetryAttempt: 2,
      retry: 3,
      noResponseRetries: 2,
      retryDelayMultiplier: 2,
      timeOfFirstRequest: 1751072100033,
      totalTimeout: 9007199254740991,
      maxRetryDelay: 9007199254740991,
      statusCodesToRetry: [Array]
    },
    paramsSerializer: [Function: paramsSerializer],
    body: '<<REDACTED> - See `errorRedactor` option in `gaxios` for configuration>.',
    validateStatus: [Function: validateStatus],
    errorRedactor: [Function: defaultErrorRedactor]
  },
  response: undefined,
  error: FetchError: request to https://www.googleapis.com/oauth2/v4/token failed, reason: getaddrinfo ENOTFOUND www.googleapis.com
      at ClientRequest.<anonymous> (/Users/snookysalimbot/Downloads/xbot/node_modules/node-fetch/lib/index.js:1501:11)
      at ClientRequest.emit (node:events:514:28)
      at TLSSocket.socketErrorListener (node:_http_client:501:9)
      at TLSSocket.emit (node:events:514:28)
      at emitErrorNT (node:internal/streams/destroy:151:8)
      at emitErrorCloseNT (node:internal/streams/destroy:116:3)
      at process.processTicksAndRejections (node:internal/process/task_queues:82:21) {
    type: 'system',
    errno: 'ENOTFOUND',
    code: 'ENOTFOUND'
  },
  code: 'ENOTFOUND',
  [Symbol(gaxios-gaxios-error)]: '6.7.1'
}
Error processing rows: GaxiosError: request to https://www.googleapis.com/oauth2/v4/token failed, reason: getaddrinfo ENOTFOUND www.googleapis.com
    at Gaxios._request (/Users/snookysalimbot/Downloads/xbot/node_modules/gaxios/build/src/gaxios.js:149:19)
    at process.processTicksAndRejections (node:internal/process/task_queues:95:5)
    at async GoogleToken._GoogleToken_requestToken (/Users/snookysalimbot/Downloads/xbot/node_modules/gtoken/build/src/index.js:241:19)
    at async GoogleToken._GoogleToken_getTokenAsync (/Users/snookysalimbot/Downloads/xbot/node_modules/gtoken/build/src/index.js:160:16)
    at async JWT.refreshTokenNoCache (/Users/snookysalimbot/Downloads/xbot/node_modules/google-auth-library/build/src/auth/jwtclient.js:173:23)
    at async JWT.getRequestMetadataAsync (/Users/snookysalimbot/Downloads/xbot/node_modules/google-auth-library/build/src/auth/oauth2client.js:333:17)
    at async JWT.requestAsync (/Users/snookysalimbot/Downloads/xbot/node_modules/google-auth-library/build/src/auth/oauth2client.js:418:23)
    at async getLatestEthereumTweetsSpreadsheet (/Users/snookysalimbot/Downloads/xbot/monitorRelevantTweets.js:35:15)
    at async processNewRows (/Users/snookysalimbot/Downloads/xbot/monitorRelevantTweets.js:137:22)
    at async Timeout._onTimeout (/Users/snookysalimbot/Downloads/xbot/node_modules/node-cron/dist/cjs/scheduler/runner.js:70:44) {
  config: {
    method: 'POST',
    url: 'https://www.googleapis.com/oauth2/v4/token',
    data: {
      grant_type: '<<REDACTED> - See `errorRedactor` option in `gaxios` for configuration>.',
      assertion: '<<REDACTED> - See `errorRedactor` option in `gaxios` for configuration>.'
    },
    headers: {
      'Content-Type': 'application/x-www-form-urlencoded',
      'User-Agent': 'google-api-nodejs-client/9.15.1',
      'x-goog-api-client': 'gl-node/18.17.1',
      Accept: 'application/json'
    },
    responseType: 'json',
    retryConfig: {
      httpMethodsToRetry: [Array],
      currentRetryAttempt: 2,
      retry: 3,
      noResponseRetries: 2,
      retryDelayMultiplier: 2,
      timeOfFirstRequest: 1751072400077,
      totalTimeout: 9007199254740991,
      maxRetryDelay: 9007199254740991,
      statusCodesToRetry: [Array]
    },
    paramsSerializer: [Function: paramsSerializer],
    body: '<<REDACTED> - See `errorRedactor` option in `gaxios` for configuration>.',
    validateStatus: [Function: validateStatus],
    errorRedactor: [Function: defaultErrorRedactor]
  },
  response: undefined,
  error: FetchError: request to https://www.googleapis.com/oauth2/v4/token failed, reason: getaddrinfo ENOTFOUND www.googleapis.com
      at ClientRequest.<anonymous> (/Users/snookysalimbot/Downloads/xbot/node_modules/node-fetch/lib/index.js:1501:11)
      at ClientRequest.emit (node:events:514:28)
      at TLSSocket.socketErrorListener (node:_http_client:501:9)
      at TLSSocket.emit (node:events:514:28)
      at emitErrorNT (node:internal/streams/destroy:151:8)
      at emitErrorCloseNT (node:internal/streams/destroy:116:3)
      at process.processTicksAndRejections (node:internal/process/task_queues:82:21) {
    type: 'system',
    errno: 'ENOTFOUND',
    code: 'ENOTFOUND'
  },
  code: 'ENOTFOUND',
  [Symbol(gaxios-gaxios-error)]: '6.7.1'
}
Error processing rows: GaxiosError: request to https://www.googleapis.com/oauth2/v4/token failed, reason: getaddrinfo ENOTFOUND www.googleapis.com
    at Gaxios._request (/Users/snookysalimbot/Downloads/xbot/node_modules/gaxios/build/src/gaxios.js:149:19)
    at process.processTicksAndRejections (node:internal/process/task_queues:95:5)
    at async GoogleToken._GoogleToken_requestToken (/Users/snookysalimbot/Downloads/xbot/node_modules/gtoken/build/src/index.js:241:19)
    at async GoogleToken._GoogleToken_getTokenAsync (/Users/snookysalimbot/Downloads/xbot/node_modules/gtoken/build/src/index.js:160:16)
    at async JWT.refreshTokenNoCache (/Users/snookysalimbot/Downloads/xbot/node_modules/google-auth-library/build/src/auth/jwtclient.js:173:23)
    at async JWT.getRequestMetadataAsync (/Users/snookysalimbot/Downloads/xbot/node_modules/google-auth-library/build/src/auth/oauth2client.js:333:17)
    at async JWT.requestAsync (/Users/snookysalimbot/Downloads/xbot/node_modules/google-auth-library/build/src/auth/oauth2client.js:418:23)
    at async getLatestEthereumTweetsSpreadsheet (/Users/snookysalimbot/Downloads/xbot/monitorRelevantTweets.js:35:15)
    at async processNewRows (/Users/snookysalimbot/Downloads/xbot/monitorRelevantTweets.js:137:22)
    at async Timeout._onTimeout (/Users/snookysalimbot/Downloads/xbot/node_modules/node-cron/dist/cjs/scheduler/runner.js:70:44) {
  config: {
    method: 'POST',
    url: 'https://www.googleapis.com/oauth2/v4/token',
    data: {
      grant_type: '<<REDACTED> - See `errorRedactor` option in `gaxios` for configuration>.',
      assertion: '<<REDACTED> - See `errorRedactor` option in `gaxios` for configuration>.'
    },
    headers: {
      'Content-Type': 'application/x-www-form-urlencoded',
      'User-Agent': 'google-api-nodejs-client/9.15.1',
      'x-goog-api-client': 'gl-node/18.17.1',
      Accept: 'application/json'
    },
    responseType: 'json',
    retryConfig: {
      httpMethodsToRetry: [Array],
      currentRetryAttempt: 2,
      retry: 3,
      noResponseRetries: 2,
      retryDelayMultiplier: 2,
      timeOfFirstRequest: 1751072700027,
      totalTimeout: 9007199254740991,
      maxRetryDelay: 9007199254740991,
      statusCodesToRetry: [Array]
    },
    paramsSerializer: [Function: paramsSerializer],
    body: '<<REDACTED> - See `errorRedactor` option in `gaxios` for configuration>.',
    validateStatus: [Function: validateStatus],
    errorRedactor: [Function: defaultErrorRedactor]
  },
  response: undefined,
  error: FetchError: request to https://www.googleapis.com/oauth2/v4/token failed, reason: getaddrinfo ENOTFOUND www.googleapis.com
      at ClientRequest.<anonymous> (/Users/snookysalimbot/Downloads/xbot/node_modules/node-fetch/lib/index.js:1501:11)
      at ClientRequest.emit (node:events:514:28)
      at TLSSocket.socketErrorListener (node:_http_client:501:9)
      at TLSSocket.emit (node:events:514:28)
      at emitErrorNT (node:internal/streams/destroy:151:8)
      at emitErrorCloseNT (node:internal/streams/destroy:116:3)
      at process.processTicksAndRejections (node:internal/process/task_queues:82:21) {
    type: 'system',
    errno: 'ENOTFOUND',
    code: 'ENOTFOUND'
  },
  code: 'ENOTFOUND',
  [Symbol(gaxios-gaxios-error)]: '6.7.1'
}
Error processing rows: GaxiosError: request to https://www.googleapis.com/oauth2/v4/token failed, reason: getaddrinfo ENOTFOUND www.googleapis.com
    at Gaxios._request (/Users/snookysalimbot/Downloads/xbot/node_modules/gaxios/build/src/gaxios.js:149:19)
    at process.processTicksAndRejections (node:internal/process/task_queues:95:5)
    at async GoogleToken._GoogleToken_requestToken (/Users/snookysalimbot/Downloads/xbot/node_modules/gtoken/build/src/index.js:241:19)
    at async GoogleToken._GoogleToken_getTokenAsync (/Users/snookysalimbot/Downloads/xbot/node_modules/gtoken/build/src/index.js:160:16)
    at async JWT.refreshTokenNoCache (/Users/snookysalimbot/Downloads/xbot/node_modules/google-auth-library/build/src/auth/jwtclient.js:173:23)
    at async JWT.getRequestMetadataAsync (/Users/snookysalimbot/Downloads/xbot/node_modules/google-auth-library/build/src/auth/oauth2client.js:333:17)
    at async JWT.requestAsync (/Users/snookysalimbot/Downloads/xbot/node_modules/google-auth-library/build/src/auth/oauth2client.js:418:23)
    at async getLatestEthereumTweetsSpreadsheet (/Users/snookysalimbot/Downloads/xbot/monitorRelevantTweets.js:35:15)
    at async processNewRows (/Users/snookysalimbot/Downloads/xbot/monitorRelevantTweets.js:137:22)
    at async Timeout._onTimeout (/Users/snookysalimbot/Downloads/xbot/node_modules/node-cron/dist/cjs/scheduler/runner.js:70:44) {
  config: {
    method: 'POST',
    url: 'https://www.googleapis.com/oauth2/v4/token',
    data: {
      grant_type: '<<REDACTED> - See `errorRedactor` option in `gaxios` for configuration>.',
      assertion: '<<REDACTED> - See `errorRedactor` option in `gaxios` for configuration>.'
    },
    headers: {
      'Content-Type': 'application/x-www-form-urlencoded',
      'User-Agent': 'google-api-nodejs-client/9.15.1',
      'x-goog-api-client': 'gl-node/18.17.1',
      Accept: 'application/json'
    },
    responseType: 'json',
    retryConfig: {
      httpMethodsToRetry: [Array],
      currentRetryAttempt: 2,
      retry: 3,
      noResponseRetries: 2,
      retryDelayMultiplier: 2,
      timeOfFirstRequest: 1751073000030,
      totalTimeout: 9007199254740991,
      maxRetryDelay: 9007199254740991,
      statusCodesToRetry: [Array]
    },
    paramsSerializer: [Function: paramsSerializer],
    body: '<<REDACTED> - See `errorRedactor` option in `gaxios` for configuration>.',
    validateStatus: [Function: validateStatus],
    errorRedactor: [Function: defaultErrorRedactor]
  },
  response: undefined,
  error: FetchError: request to https://www.googleapis.com/oauth2/v4/token failed, reason: getaddrinfo ENOTFOUND www.googleapis.com
      at ClientRequest.<anonymous> (/Users/snookysalimbot/Downloads/xbot/node_modules/node-fetch/lib/index.js:1501:11)
      at ClientRequest.emit (node:events:514:28)
      at TLSSocket.socketErrorListener (node:_http_client:501:9)
      at TLSSocket.emit (node:events:514:28)
      at emitErrorNT (node:internal/streams/destroy:151:8)
      at emitErrorCloseNT (node:internal/streams/destroy:116:3)
      at process.processTicksAndRejections (node:internal/process/task_queues:82:21) {
    type: 'system',
    errno: 'ENOTFOUND',
    code: 'ENOTFOUND'
  },
  code: 'ENOTFOUND',
  [Symbol(gaxios-gaxios-error)]: '6.7.1'
}
Error processing rows: GaxiosError: request to https://www.googleapis.com/oauth2/v4/token failed, reason: getaddrinfo ENOTFOUND www.googleapis.com
    at Gaxios._request (/Users/snookysalimbot/Downloads/xbot/node_modules/gaxios/build/src/gaxios.js:149:19)
    at process.processTicksAndRejections (node:internal/process/task_queues:95:5)
    at async GoogleToken._GoogleToken_requestToken (/Users/snookysalimbot/Downloads/xbot/node_modules/gtoken/build/src/index.js:241:19)
    at async GoogleToken._GoogleToken_getTokenAsync (/Users/snookysalimbot/Downloads/xbot/node_modules/gtoken/build/src/index.js:160:16)
    at async JWT.refreshTokenNoCache (/Users/snookysalimbot/Downloads/xbot/node_modules/google-auth-library/build/src/auth/jwtclient.js:173:23)
    at async JWT.getRequestMetadataAsync (/Users/snookysalimbot/Downloads/xbot/node_modules/google-auth-library/build/src/auth/oauth2client.js:333:17)
    at async JWT.requestAsync (/Users/snookysalimbot/Downloads/xbot/node_modules/google-auth-library/build/src/auth/oauth2client.js:418:23)
    at async getLatestEthereumTweetsSpreadsheet (/Users/snookysalimbot/Downloads/xbot/monitorRelevantTweets.js:35:15)
    at async processNewRows (/Users/snookysalimbot/Downloads/xbot/monitorRelevantTweets.js:137:22)
    at async Timeout._onTimeout (/Users/snookysalimbot/Downloads/xbot/node_modules/node-cron/dist/cjs/scheduler/runner.js:70:44) {
  config: {
    method: 'POST',
    url: 'https://www.googleapis.com/oauth2/v4/token',
    data: {
      grant_type: '<<REDACTED> - See `errorRedactor` option in `gaxios` for configuration>.',
      assertion: '<<REDACTED> - See `errorRedactor` option in `gaxios` for configuration>.'
    },
    headers: {
      'Content-Type': 'application/x-www-form-urlencoded',
      'User-Agent': 'google-api-nodejs-client/9.15.1',
      'x-goog-api-client': 'gl-node/18.17.1',
      Accept: 'application/json'
    },
    responseType: 'json',
    retryConfig: {
      httpMethodsToRetry: [Array],
      currentRetryAttempt: 2,
      retry: 3,
      noResponseRetries: 2,
      retryDelayMultiplier: 2,
      timeOfFirstRequest: 1751073300033,
      totalTimeout: 9007199254740991,
      maxRetryDelay: 9007199254740991,
      statusCodesToRetry: [Array]
    },
    paramsSerializer: [Function: paramsSerializer],
    body: '<<REDACTED> - See `errorRedactor` option in `gaxios` for configuration>.',
    validateStatus: [Function: validateStatus],
    errorRedactor: [Function: defaultErrorRedactor]
  },
  response: undefined,
  error: FetchError: request to https://www.googleapis.com/oauth2/v4/token failed, reason: getaddrinfo ENOTFOUND www.googleapis.com
      at ClientRequest.<anonymous> (/Users/snookysalimbot/Downloads/xbot/node_modules/node-fetch/lib/index.js:1501:11)
      at ClientRequest.emit (node:events:514:28)
      at TLSSocket.socketErrorListener (node:_http_client:501:9)
      at TLSSocket.emit (node:events:514:28)
      at emitErrorNT (node:internal/streams/destroy:151:8)
      at emitErrorCloseNT (node:internal/streams/destroy:116:3)
      at process.processTicksAndRejections (node:internal/process/task_queues:82:21) {
    type: 'system',
    errno: 'ENOTFOUND',
    code: 'ENOTFOUND'
  },
  code: 'ENOTFOUND',
  [Symbol(gaxios-gaxios-error)]: '6.7.1'
}
Error processing rows: GaxiosError: request to https://www.googleapis.com/oauth2/v4/token failed, reason: getaddrinfo ENOTFOUND www.googleapis.com
    at Gaxios._request (/Users/snookysalimbot/Downloads/xbot/node_modules/gaxios/build/src/gaxios.js:149:19)
    at process.processTicksAndRejections (node:internal/process/task_queues:95:5)
    at async GoogleToken._GoogleToken_requestToken (/Users/snookysalimbot/Downloads/xbot/node_modules/gtoken/build/src/index.js:241:19)
    at async GoogleToken._GoogleToken_getTokenAsync (/Users/snookysalimbot/Downloads/xbot/node_modules/gtoken/build/src/index.js:160:16)
    at async JWT.refreshTokenNoCache (/Users/snookysalimbot/Downloads/xbot/node_modules/google-auth-library/build/src/auth/jwtclient.js:173:23)
    at async JWT.getRequestMetadataAsync (/Users/snookysalimbot/Downloads/xbot/node_modules/google-auth-library/build/src/auth/oauth2client.js:333:17)
    at async JWT.requestAsync (/Users/snookysalimbot/Downloads/xbot/node_modules/google-auth-library/build/src/auth/oauth2client.js:418:23)
    at async getLatestEthereumTweetsSpreadsheet (/Users/snookysalimbot/Downloads/xbot/monitorRelevantTweets.js:35:15)
    at async processNewRows (/Users/snookysalimbot/Downloads/xbot/monitorRelevantTweets.js:137:22)
    at async Timeout._onTimeout (/Users/snookysalimbot/Downloads/xbot/node_modules/node-cron/dist/cjs/scheduler/runner.js:70:44) {
  config: {
    method: 'POST',
    url: 'https://www.googleapis.com/oauth2/v4/token',
    data: {
      grant_type: '<<REDACTED> - See `errorRedactor` option in `gaxios` for configuration>.',
      assertion: '<<REDACTED> - See `errorRedactor` option in `gaxios` for configuration>.'
    },
    headers: {
      'Content-Type': 'application/x-www-form-urlencoded',
      'User-Agent': 'google-api-nodejs-client/9.15.1',
      'x-goog-api-client': 'gl-node/18.17.1',
      Accept: 'application/json'
    },
    responseType: 'json',
    retryConfig: {
      httpMethodsToRetry: [Array],
      currentRetryAttempt: 2,
      retry: 3,
      noResponseRetries: 2,
      retryDelayMultiplier: 2,
      timeOfFirstRequest: 1751073600036,
      totalTimeout: 9007199254740991,
      maxRetryDelay: 9007199254740991,
      statusCodesToRetry: [Array]
    },
    paramsSerializer: [Function: paramsSerializer],
    body: '<<REDACTED> - See `errorRedactor` option in `gaxios` for configuration>.',
    validateStatus: [Function: validateStatus],
    errorRedactor: [Function: defaultErrorRedactor]
  },
  response: undefined,
  error: FetchError: request to https://www.googleapis.com/oauth2/v4/token failed, reason: getaddrinfo ENOTFOUND www.googleapis.com
      at ClientRequest.<anonymous> (/Users/snookysalimbot/Downloads/xbot/node_modules/node-fetch/lib/index.js:1501:11)
      at ClientRequest.emit (node:events:514:28)
      at TLSSocket.socketErrorListener (node:_http_client:501:9)
      at TLSSocket.emit (node:events:514:28)
      at emitErrorNT (node:internal/streams/destroy:151:8)
      at emitErrorCloseNT (node:internal/streams/destroy:116:3)
      at process.processTicksAndRejections (node:internal/process/task_queues:82:21) {
    type: 'system',
    errno: 'ENOTFOUND',
    code: 'ENOTFOUND'
  },
  code: 'ENOTFOUND',
  [Symbol(gaxios-gaxios-error)]: '6.7.1'
}
Error processing rows: GaxiosError: request to https://www.googleapis.com/oauth2/v4/token failed, reason: getaddrinfo ENOTFOUND www.googleapis.com
    at Gaxios._request (/Users/snookysalimbot/Downloads/xbot/node_modules/gaxios/build/src/gaxios.js:149:19)
    at process.processTicksAndRejections (node:internal/process/task_queues:95:5)
    at async GoogleToken._GoogleToken_requestToken (/Users/snookysalimbot/Downloads/xbot/node_modules/gtoken/build/src/index.js:241:19)
    at async GoogleToken._GoogleToken_getTokenAsync (/Users/snookysalimbot/Downloads/xbot/node_modules/gtoken/build/src/index.js:160:16)
    at async JWT.refreshTokenNoCache (/Users/snookysalimbot/Downloads/xbot/node_modules/google-auth-library/build/src/auth/jwtclient.js:173:23)
    at async JWT.getRequestMetadataAsync (/Users/snookysalimbot/Downloads/xbot/node_modules/google-auth-library/build/src/auth/oauth2client.js:333:17)
    at async JWT.requestAsync (/Users/snookysalimbot/Downloads/xbot/node_modules/google-auth-library/build/src/auth/oauth2client.js:418:23)
    at async getLatestEthereumTweetsSpreadsheet (/Users/snookysalimbot/Downloads/xbot/monitorRelevantTweets.js:35:15)
    at async processNewRows (/Users/snookysalimbot/Downloads/xbot/monitorRelevantTweets.js:137:22)
    at async Timeout._onTimeout (/Users/snookysalimbot/Downloads/xbot/node_modules/node-cron/dist/cjs/scheduler/runner.js:70:44) {
  config: {
    method: 'POST',
    url: 'https://www.googleapis.com/oauth2/v4/token',
    data: {
      grant_type: '<<REDACTED> - See `errorRedactor` option in `gaxios` for configuration>.',
      assertion: '<<REDACTED> - See `errorRedactor` option in `gaxios` for configuration>.'
    },
    headers: {
      'Content-Type': 'application/x-www-form-urlencoded',
      'User-Agent': 'google-api-nodejs-client/9.15.1',
      'x-goog-api-client': 'gl-node/18.17.1',
      Accept: 'application/json'
    },
    responseType: 'json',
    retryConfig: {
      httpMethodsToRetry: [Array],
      currentRetryAttempt: 2,
      retry: 3,
      noResponseRetries: 2,
      retryDelayMultiplier: 2,
      timeOfFirstRequest: 1751073900029,
      totalTimeout: 9007199254740991,
      maxRetryDelay: 9007199254740991,
      statusCodesToRetry: [Array]
    },
    paramsSerializer: [Function: paramsSerializer],
    body: '<<REDACTED> - See `errorRedactor` option in `gaxios` for configuration>.',
    validateStatus: [Function: validateStatus],
    errorRedactor: [Function: defaultErrorRedactor]
  },
  response: undefined,
  error: FetchError: request to https://www.googleapis.com/oauth2/v4/token failed, reason: getaddrinfo ENOTFOUND www.googleapis.com
      at ClientRequest.<anonymous> (/Users/snookysalimbot/Downloads/xbot/node_modules/node-fetch/lib/index.js:1501:11)
      at ClientRequest.emit (node:events:514:28)
      at TLSSocket.socketErrorListener (node:_http_client:501:9)
      at TLSSocket.emit (node:events:514:28)
      at emitErrorNT (node:internal/streams/destroy:151:8)
      at emitErrorCloseNT (node:internal/streams/destroy:116:3)
      at process.processTicksAndRejections (node:internal/process/task_queues:82:21) {
    type: 'system',
    errno: 'ENOTFOUND',
    code: 'ENOTFOUND'
  },
  code: 'ENOTFOUND',
  [Symbol(gaxios-gaxios-error)]: '6.7.1'
}
Error processing rows: GaxiosError: request to https://www.googleapis.com/oauth2/v4/token failed, reason: getaddrinfo ENOTFOUND www.googleapis.com
    at Gaxios._request (/Users/snookysalimbot/Downloads/xbot/node_modules/gaxios/build/src/gaxios.js:149:19)
    at process.processTicksAndRejections (node:internal/process/task_queues:95:5)
    at async GoogleToken._GoogleToken_requestToken (/Users/snookysalimbot/Downloads/xbot/node_modules/gtoken/build/src/index.js:241:19)
    at async GoogleToken._GoogleToken_getTokenAsync (/Users/snookysalimbot/Downloads/xbot/node_modules/gtoken/build/src/index.js:160:16)
    at async JWT.refreshTokenNoCache (/Users/snookysalimbot/Downloads/xbot/node_modules/google-auth-library/build/src/auth/jwtclient.js:173:23)
    at async JWT.getRequestMetadataAsync (/Users/snookysalimbot/Downloads/xbot/node_modules/google-auth-library/build/src/auth/oauth2client.js:333:17)
    at async JWT.requestAsync (/Users/snookysalimbot/Downloads/xbot/node_modules/google-auth-library/build/src/auth/oauth2client.js:418:23)
    at async getLatestEthereumTweetsSpreadsheet (/Users/snookysalimbot/Downloads/xbot/monitorRelevantTweets.js:35:15)
    at async processNewRows (/Users/snookysalimbot/Downloads/xbot/monitorRelevantTweets.js:137:22)
    at async Timeout._onTimeout (/Users/snookysalimbot/Downloads/xbot/node_modules/node-cron/dist/cjs/scheduler/runner.js:70:44) {
  config: {
    method: 'POST',
    url: 'https://www.googleapis.com/oauth2/v4/token',
    data: {
      grant_type: '<<REDACTED> - See `errorRedactor` option in `gaxios` for configuration>.',
      assertion: '<<REDACTED> - See `errorRedactor` option in `gaxios` for configuration>.'
    },
    headers: {
      'Content-Type': 'application/x-www-form-urlencoded',
      'User-Agent': 'google-api-nodejs-client/9.15.1',
      'x-goog-api-client': 'gl-node/18.17.1',
      Accept: 'application/json'
    },
    responseType: 'json',
    retryConfig: {
      httpMethodsToRetry: [Array],
      currentRetryAttempt: 2,
      retry: 3,
      noResponseRetries: 2,
      retryDelayMultiplier: 2,
      timeOfFirstRequest: 1751074200031,
      totalTimeout: 9007199254740991,
      maxRetryDelay: 9007199254740991,
      statusCodesToRetry: [Array]
    },
    paramsSerializer: [Function: paramsSerializer],
    body: '<<REDACTED> - See `errorRedactor` option in `gaxios` for configuration>.',
    validateStatus: [Function: validateStatus],
    errorRedactor: [Function: defaultErrorRedactor]
  },
  response: undefined,
  error: FetchError: request to https://www.googleapis.com/oauth2/v4/token failed, reason: getaddrinfo ENOTFOUND www.googleapis.com
      at ClientRequest.<anonymous> (/Users/snookysalimbot/Downloads/xbot/node_modules/node-fetch/lib/index.js:1501:11)
      at ClientRequest.emit (node:events:514:28)
      at TLSSocket.socketErrorListener (node:_http_client:501:9)
      at TLSSocket.emit (node:events:514:28)
      at emitErrorNT (node:internal/streams/destroy:151:8)
      at emitErrorCloseNT (node:internal/streams/destroy:116:3)
      at process.processTicksAndRejections (node:internal/process/task_queues:82:21) {
    type: 'system',
    errno: 'ENOTFOUND',
    code: 'ENOTFOUND'
  },
  code: 'ENOTFOUND',
  [Symbol(gaxios-gaxios-error)]: '6.7.1'
}
Error processing rows: GaxiosError: request to https://www.googleapis.com/oauth2/v4/token failed, reason: getaddrinfo ENOTFOUND www.googleapis.com
    at Gaxios._request (/Users/snookysalimbot/Downloads/xbot/node_modules/gaxios/build/src/gaxios.js:149:19)
    at process.processTicksAndRejections (node:internal/process/task_queues:95:5)
    at async GoogleToken._GoogleToken_requestToken (/Users/snookysalimbot/Downloads/xbot/node_modules/gtoken/build/src/index.js:241:19)
    at async GoogleToken._GoogleToken_getTokenAsync (/Users/snookysalimbot/Downloads/xbot/node_modules/gtoken/build/src/index.js:160:16)
    at async JWT.refreshTokenNoCache (/Users/snookysalimbot/Downloads/xbot/node_modules/google-auth-library/build/src/auth/jwtclient.js:173:23)
    at async JWT.getRequestMetadataAsync (/Users/snookysalimbot/Downloads/xbot/node_modules/google-auth-library/build/src/auth/oauth2client.js:333:17)
    at async JWT.requestAsync (/Users/snookysalimbot/Downloads/xbot/node_modules/google-auth-library/build/src/auth/oauth2client.js:418:23)
    at async getLatestEthereumTweetsSpreadsheet (/Users/snookysalimbot/Downloads/xbot/monitorRelevantTweets.js:35:15)
    at async processNewRows (/Users/snookysalimbot/Downloads/xbot/monitorRelevantTweets.js:137:22)
    at async Timeout._onTimeout (/Users/snookysalimbot/Downloads/xbot/node_modules/node-cron/dist/cjs/scheduler/runner.js:70:44) {
  config: {
    method: 'POST',
    url: 'https://www.googleapis.com/oauth2/v4/token',
    data: {
      grant_type: '<<REDACTED> - See `errorRedactor` option in `gaxios` for configuration>.',
      assertion: '<<REDACTED> - See `errorRedactor` option in `gaxios` for configuration>.'
    },
    headers: {
      'Content-Type': 'application/x-www-form-urlencoded',
      'User-Agent': 'google-api-nodejs-client/9.15.1',
      'x-goog-api-client': 'gl-node/18.17.1',
      Accept: 'application/json'
    },
    responseType: 'json',
    retryConfig: {
      httpMethodsToRetry: [Array],
      currentRetryAttempt: 2,
      retry: 3,
      noResponseRetries: 2,
      retryDelayMultiplier: 2,
      timeOfFirstRequest: 1751074500028,
      totalTimeout: 9007199254740991,
      maxRetryDelay: 9007199254740991,
      statusCodesToRetry: [Array]
    },
    paramsSerializer: [Function: paramsSerializer],
    body: '<<REDACTED> - See `errorRedactor` option in `gaxios` for configuration>.',
    validateStatus: [Function: validateStatus],
    errorRedactor: [Function: defaultErrorRedactor]
  },
  response: undefined,
  error: FetchError: request to https://www.googleapis.com/oauth2/v4/token failed, reason: getaddrinfo ENOTFOUND www.googleapis.com
      at ClientRequest.<anonymous> (/Users/snookysalimbot/Downloads/xbot/node_modules/node-fetch/lib/index.js:1501:11)
      at ClientRequest.emit (node:events:514:28)
      at TLSSocket.socketErrorListener (node:_http_client:501:9)
      at TLSSocket.emit (node:events:514:28)
      at emitErrorNT (node:internal/streams/destroy:151:8)
      at emitErrorCloseNT (node:internal/streams/destroy:116:3)
      at process.processTicksAndRejections (node:internal/process/task_queues:82:21) {
    type: 'system',
    errno: 'ENOTFOUND',
    code: 'ENOTFOUND'
  },
  code: 'ENOTFOUND',
  [Symbol(gaxios-gaxios-error)]: '6.7.1'
}
Error processing rows: GaxiosError: request to https://www.googleapis.com/oauth2/v4/token failed, reason: getaddrinfo ENOTFOUND www.googleapis.com
    at Gaxios._request (/Users/snookysalimbot/Downloads/xbot/node_modules/gaxios/build/src/gaxios.js:149:19)
    at process.processTicksAndRejections (node:internal/process/task_queues:95:5)
    at async GoogleToken._GoogleToken_requestToken (/Users/snookysalimbot/Downloads/xbot/node_modules/gtoken/build/src/index.js:241:19)
    at async GoogleToken._GoogleToken_getTokenAsync (/Users/snookysalimbot/Downloads/xbot/node_modules/gtoken/build/src/index.js:160:16)
    at async JWT.refreshTokenNoCache (/Users/snookysalimbot/Downloads/xbot/node_modules/google-auth-library/build/src/auth/jwtclient.js:173:23)
    at async JWT.getRequestMetadataAsync (/Users/snookysalimbot/Downloads/xbot/node_modules/google-auth-library/build/src/auth/oauth2client.js:333:17)
    at async JWT.requestAsync (/Users/snookysalimbot/Downloads/xbot/node_modules/google-auth-library/build/src/auth/oauth2client.js:418:23)
    at async getLatestEthereumTweetsSpreadsheet (/Users/snookysalimbot/Downloads/xbot/monitorRelevantTweets.js:35:15)
    at async processNewRows (/Users/snookysalimbot/Downloads/xbot/monitorRelevantTweets.js:137:22)
    at async Timeout._onTimeout (/Users/snookysalimbot/Downloads/xbot/node_modules/node-cron/dist/cjs/scheduler/runner.js:70:44) {
  config: {
    method: 'POST',
    url: 'https://www.googleapis.com/oauth2/v4/token',
    data: {
      grant_type: '<<REDACTED> - See `errorRedactor` option in `gaxios` for configuration>.',
      assertion: '<<REDACTED> - See `errorRedactor` option in `gaxios` for configuration>.'
    },
    headers: {
      'Content-Type': 'application/x-www-form-urlencoded',
      'User-Agent': 'google-api-nodejs-client/9.15.1',
      'x-goog-api-client': 'gl-node/18.17.1',
      Accept: 'application/json'
    },
    responseType: 'json',
    retryConfig: {
      httpMethodsToRetry: [Array],
      currentRetryAttempt: 2,
      retry: 3,
      noResponseRetries: 2,
      retryDelayMultiplier: 2,
      timeOfFirstRequest: 1751074800034,
      totalTimeout: 9007199254740991,
      maxRetryDelay: 9007199254740991,
      statusCodesToRetry: [Array]
    },
    paramsSerializer: [Function: paramsSerializer],
    body: '<<REDACTED> - See `errorRedactor` option in `gaxios` for configuration>.',
    validateStatus: [Function: validateStatus],
    errorRedactor: [Function: defaultErrorRedactor]
  },
  response: undefined,
  error: FetchError: request to https://www.googleapis.com/oauth2/v4/token failed, reason: getaddrinfo ENOTFOUND www.googleapis.com
      at ClientRequest.<anonymous> (/Users/snookysalimbot/Downloads/xbot/node_modules/node-fetch/lib/index.js:1501:11)
      at ClientRequest.emit (node:events:514:28)
      at TLSSocket.socketErrorListener (node:_http_client:501:9)
      at TLSSocket.emit (node:events:514:28)
      at emitErrorNT (node:internal/streams/destroy:151:8)
      at emitErrorCloseNT (node:internal/streams/destroy:116:3)
      at process.processTicksAndRejections (node:internal/process/task_queues:82:21) {
    type: 'system',
    errno: 'ENOTFOUND',
    code: 'ENOTFOUND'
  },
  code: 'ENOTFOUND',
  [Symbol(gaxios-gaxios-error)]: '6.7.1'
}
Error processing rows: GaxiosError: request to https://www.googleapis.com/oauth2/v4/token failed, reason: getaddrinfo ENOTFOUND www.googleapis.com
    at Gaxios._request (/Users/snookysalimbot/Downloads/xbot/node_modules/gaxios/build/src/gaxios.js:149:19)
    at process.processTicksAndRejections (node:internal/process/task_queues:95:5)
    at async GoogleToken._GoogleToken_requestToken (/Users/snookysalimbot/Downloads/xbot/node_modules/gtoken/build/src/index.js:241:19)
    at async GoogleToken._GoogleToken_getTokenAsync (/Users/snookysalimbot/Downloads/xbot/node_modules/gtoken/build/src/index.js:160:16)
    at async JWT.refreshTokenNoCache (/Users/snookysalimbot/Downloads/xbot/node_modules/google-auth-library/build/src/auth/jwtclient.js:173:23)
    at async JWT.getRequestMetadataAsync (/Users/snookysalimbot/Downloads/xbot/node_modules/google-auth-library/build/src/auth/oauth2client.js:333:17)
    at async JWT.requestAsync (/Users/snookysalimbot/Downloads/xbot/node_modules/google-auth-library/build/src/auth/oauth2client.js:418:23)
    at async getLatestEthereumTweetsSpreadsheet (/Users/snookysalimbot/Downloads/xbot/monitorRelevantTweets.js:35:15)
    at async processNewRows (/Users/snookysalimbot/Downloads/xbot/monitorRelevantTweets.js:137:22)
    at async Timeout._onTimeout (/Users/snookysalimbot/Downloads/xbot/node_modules/node-cron/dist/cjs/scheduler/runner.js:70:44) {
  config: {
    method: 'POST',
    url: 'https://www.googleapis.com/oauth2/v4/token',
    data: {
      grant_type: '<<REDACTED> - See `errorRedactor` option in `gaxios` for configuration>.',
      assertion: '<<REDACTED> - See `errorRedactor` option in `gaxios` for configuration>.'
    },
    headers: {
      'Content-Type': 'application/x-www-form-urlencoded',
      'User-Agent': 'google-api-nodejs-client/9.15.1',
      'x-goog-api-client': 'gl-node/18.17.1',
      Accept: 'application/json'
    },
    responseType: 'json',
    retryConfig: {
      httpMethodsToRetry: [Array],
      currentRetryAttempt: 2,
      retry: 3,
      noResponseRetries: 2,
      retryDelayMultiplier: 2,
      timeOfFirstRequest: 1751075100032,
      totalTimeout: 9007199254740991,
      maxRetryDelay: 9007199254740991,
      statusCodesToRetry: [Array]
    },
    paramsSerializer: [Function: paramsSerializer],
    body: '<<REDACTED> - See `errorRedactor` option in `gaxios` for configuration>.',
    validateStatus: [Function: validateStatus],
    errorRedactor: [Function: defaultErrorRedactor]
  },
  response: undefined,
  error: FetchError: request to https://www.googleapis.com/oauth2/v4/token failed, reason: getaddrinfo ENOTFOUND www.googleapis.com
      at ClientRequest.<anonymous> (/Users/snookysalimbot/Downloads/xbot/node_modules/node-fetch/lib/index.js:1501:11)
      at ClientRequest.emit (node:events:514:28)
      at TLSSocket.socketErrorListener (node:_http_client:501:9)
      at TLSSocket.emit (node:events:514:28)
      at emitErrorNT (node:internal/streams/destroy:151:8)
      at emitErrorCloseNT (node:internal/streams/destroy:116:3)
      at process.processTicksAndRejections (node:internal/process/task_queues:82:21) {
    type: 'system',
    errno: 'ENOTFOUND',
    code: 'ENOTFOUND'
  },
  code: 'ENOTFOUND',
  [Symbol(gaxios-gaxios-error)]: '6.7.1'
}
Error processing rows: GaxiosError: request to https://www.googleapis.com/oauth2/v4/token failed, reason: getaddrinfo ENOTFOUND www.googleapis.com
    at Gaxios._request (/Users/snookysalimbot/Downloads/xbot/node_modules/gaxios/build/src/gaxios.js:149:19)
    at process.processTicksAndRejections (node:internal/process/task_queues:95:5)
    at async GoogleToken._GoogleToken_requestToken (/Users/snookysalimbot/Downloads/xbot/node_modules/gtoken/build/src/index.js:241:19)
    at async GoogleToken._GoogleToken_getTokenAsync (/Users/snookysalimbot/Downloads/xbot/node_modules/gtoken/build/src/index.js:160:16)
    at async JWT.refreshTokenNoCache (/Users/snookysalimbot/Downloads/xbot/node_modules/google-auth-library/build/src/auth/jwtclient.js:173:23)
    at async JWT.getRequestMetadataAsync (/Users/snookysalimbot/Downloads/xbot/node_modules/google-auth-library/build/src/auth/oauth2client.js:333:17)
    at async JWT.requestAsync (/Users/snookysalimbot/Downloads/xbot/node_modules/google-auth-library/build/src/auth/oauth2client.js:418:23)
    at async getLatestEthereumTweetsSpreadsheet (/Users/snookysalimbot/Downloads/xbot/monitorRelevantTweets.js:35:15)
    at async processNewRows (/Users/snookysalimbot/Downloads/xbot/monitorRelevantTweets.js:137:22)
    at async Timeout._onTimeout (/Users/snookysalimbot/Downloads/xbot/node_modules/node-cron/dist/cjs/scheduler/runner.js:70:44) {
  config: {
    method: 'POST',
    url: 'https://www.googleapis.com/oauth2/v4/token',
    data: {
      grant_type: '<<REDACTED> - See `errorRedactor` option in `gaxios` for configuration>.',
      assertion: '<<REDACTED> - See `errorRedactor` option in `gaxios` for configuration>.'
    },
    headers: {
      'Content-Type': 'application/x-www-form-urlencoded',
      'User-Agent': 'google-api-nodejs-client/9.15.1',
      'x-goog-api-client': 'gl-node/18.17.1',
      Accept: 'application/json'
    },
    responseType: 'json',
    retryConfig: {
      httpMethodsToRetry: [Array],
      currentRetryAttempt: 2,
      retry: 3,
      noResponseRetries: 2,
      retryDelayMultiplier: 2,
      timeOfFirstRequest: 1751075400024,
      totalTimeout: 9007199254740991,
      maxRetryDelay: 9007199254740991,
      statusCodesToRetry: [Array]
    },
    paramsSerializer: [Function: paramsSerializer],
    body: '<<REDACTED> - See `errorRedactor` option in `gaxios` for configuration>.',
    validateStatus: [Function: validateStatus],
    errorRedactor: [Function: defaultErrorRedactor]
  },
  response: undefined,
  error: FetchError: request to https://www.googleapis.com/oauth2/v4/token failed, reason: getaddrinfo ENOTFOUND www.googleapis.com
      at ClientRequest.<anonymous> (/Users/snookysalimbot/Downloads/xbot/node_modules/node-fetch/lib/index.js:1501:11)
      at ClientRequest.emit (node:events:514:28)
      at TLSSocket.socketErrorListener (node:_http_client:501:9)
      at TLSSocket.emit (node:events:514:28)
      at emitErrorNT (node:internal/streams/destroy:151:8)
      at emitErrorCloseNT (node:internal/streams/destroy:116:3)
      at process.processTicksAndRejections (node:internal/process/task_queues:82:21) {
    type: 'system',
    errno: 'ENOTFOUND',
    code: 'ENOTFOUND'
  },
  code: 'ENOTFOUND',
  [Symbol(gaxios-gaxios-error)]: '6.7.1'
}
Error processing rows: GaxiosError: request to https://www.googleapis.com/oauth2/v4/token failed, reason: getaddrinfo ENOTFOUND www.googleapis.com
    at Gaxios._request (/Users/snookysalimbot/Downloads/xbot/node_modules/gaxios/build/src/gaxios.js:149:19)
    at process.processTicksAndRejections (node:internal/process/task_queues:95:5)
    at async GoogleToken._GoogleToken_requestToken (/Users/snookysalimbot/Downloads/xbot/node_modules/gtoken/build/src/index.js:241:19)
    at async GoogleToken._GoogleToken_getTokenAsync (/Users/snookysalimbot/Downloads/xbot/node_modules/gtoken/build/src/index.js:160:16)
    at async JWT.refreshTokenNoCache (/Users/snookysalimbot/Downloads/xbot/node_modules/google-auth-library/build/src/auth/jwtclient.js:173:23)
    at async JWT.getRequestMetadataAsync (/Users/snookysalimbot/Downloads/xbot/node_modules/google-auth-library/build/src/auth/oauth2client.js:333:17)
    at async JWT.requestAsync (/Users/snookysalimbot/Downloads/xbot/node_modules/google-auth-library/build/src/auth/oauth2client.js:418:23)
    at async getLatestEthereumTweetsSpreadsheet (/Users/snookysalimbot/Downloads/xbot/monitorRelevantTweets.js:35:15)
    at async processNewRows (/Users/snookysalimbot/Downloads/xbot/monitorRelevantTweets.js:137:22)
    at async Timeout._onTimeout (/Users/snookysalimbot/Downloads/xbot/node_modules/node-cron/dist/cjs/scheduler/runner.js:70:44) {
  config: {
    method: 'POST',
    url: 'https://www.googleapis.com/oauth2/v4/token',
    data: {
      grant_type: '<<REDACTED> - See `errorRedactor` option in `gaxios` for configuration>.',
      assertion: '<<REDACTED> - See `errorRedactor` option in `gaxios` for configuration>.'
    },
    headers: {
      'Content-Type': 'application/x-www-form-urlencoded',
      'User-Agent': 'google-api-nodejs-client/9.15.1',
      'x-goog-api-client': 'gl-node/18.17.1',
      Accept: 'application/json'
    },
    responseType: 'json',
    retryConfig: {
      httpMethodsToRetry: [Array],
      currentRetryAttempt: 2,
      retry: 3,
      noResponseRetries: 2,
      retryDelayMultiplier: 2,
      timeOfFirstRequest: 1751075700031,
      totalTimeout: 9007199254740991,
      maxRetryDelay: 9007199254740991,
      statusCodesToRetry: [Array]
    },
    paramsSerializer: [Function: paramsSerializer],
    body: '<<REDACTED> - See `errorRedactor` option in `gaxios` for configuration>.',
    validateStatus: [Function: validateStatus],
    errorRedactor: [Function: defaultErrorRedactor]
  },
  response: undefined,
  error: FetchError: request to https://www.googleapis.com/oauth2/v4/token failed, reason: getaddrinfo ENOTFOUND www.googleapis.com
      at ClientRequest.<anonymous> (/Users/snookysalimbot/Downloads/xbot/node_modules/node-fetch/lib/index.js:1501:11)
      at ClientRequest.emit (node:events:514:28)
      at TLSSocket.socketErrorListener (node:_http_client:501:9)
      at TLSSocket.emit (node:events:514:28)
      at emitErrorNT (node:internal/streams/destroy:151:8)
      at emitErrorCloseNT (node:internal/streams/destroy:116:3)
      at process.processTicksAndRejections (node:internal/process/task_queues:82:21) {
    type: 'system',
    errno: 'ENOTFOUND',
    code: 'ENOTFOUND'
  },
  code: 'ENOTFOUND',
  [Symbol(gaxios-gaxios-error)]: '6.7.1'
}
Error processing rows: GaxiosError: request to https://www.googleapis.com/oauth2/v4/token failed, reason: getaddrinfo ENOTFOUND www.googleapis.com
    at Gaxios._request (/Users/snookysalimbot/Downloads/xbot/node_modules/gaxios/build/src/gaxios.js:149:19)
    at process.processTicksAndRejections (node:internal/process/task_queues:95:5)
    at async GoogleToken._GoogleToken_requestToken (/Users/snookysalimbot/Downloads/xbot/node_modules/gtoken/build/src/index.js:241:19)
    at async GoogleToken._GoogleToken_getTokenAsync (/Users/snookysalimbot/Downloads/xbot/node_modules/gtoken/build/src/index.js:160:16)
    at async JWT.refreshTokenNoCache (/Users/snookysalimbot/Downloads/xbot/node_modules/google-auth-library/build/src/auth/jwtclient.js:173:23)
    at async JWT.getRequestMetadataAsync (/Users/snookysalimbot/Downloads/xbot/node_modules/google-auth-library/build/src/auth/oauth2client.js:333:17)
    at async JWT.requestAsync (/Users/snookysalimbot/Downloads/xbot/node_modules/google-auth-library/build/src/auth/oauth2client.js:418:23)
    at async getLatestEthereumTweetsSpreadsheet (/Users/snookysalimbot/Downloads/xbot/monitorRelevantTweets.js:35:15)
    at async processNewRows (/Users/snookysalimbot/Downloads/xbot/monitorRelevantTweets.js:137:22)
    at async Timeout._onTimeout (/Users/snookysalimbot/Downloads/xbot/node_modules/node-cron/dist/cjs/scheduler/runner.js:70:44) {
  config: {
    method: 'POST',
    url: 'https://www.googleapis.com/oauth2/v4/token',
    data: {
      grant_type: '<<REDACTED> - See `errorRedactor` option in `gaxios` for configuration>.',
      assertion: '<<REDACTED> - See `errorRedactor` option in `gaxios` for configuration>.'
    },
    headers: {
      'Content-Type': 'application/x-www-form-urlencoded',
      'User-Agent': 'google-api-nodejs-client/9.15.1',
      'x-goog-api-client': 'gl-node/18.17.1',
      Accept: 'application/json'
    },
    responseType: 'json',
    retryConfig: {
      httpMethodsToRetry: [Array],
      currentRetryAttempt: 2,
      retry: 3,
      noResponseRetries: 2,
      retryDelayMultiplier: 2,
      timeOfFirstRequest: 1751076000067,
      totalTimeout: 9007199254740991,
      maxRetryDelay: 9007199254740991,
      statusCodesToRetry: [Array]
    },
    paramsSerializer: [Function: paramsSerializer],
    body: '<<REDACTED> - See `errorRedactor` option in `gaxios` for configuration>.',
    validateStatus: [Function: validateStatus],
    errorRedactor: [Function: defaultErrorRedactor]
  },
  response: undefined,
  error: FetchError: request to https://www.googleapis.com/oauth2/v4/token failed, reason: getaddrinfo ENOTFOUND www.googleapis.com
      at ClientRequest.<anonymous> (/Users/snookysalimbot/Downloads/xbot/node_modules/node-fetch/lib/index.js:1501:11)
      at ClientRequest.emit (node:events:514:28)
      at TLSSocket.socketErrorListener (node:_http_client:501:9)
      at TLSSocket.emit (node:events:514:28)
      at emitErrorNT (node:internal/streams/destroy:151:8)
      at emitErrorCloseNT (node:internal/streams/destroy:116:3)
      at process.processTicksAndRejections (node:internal/process/task_queues:82:21) {
    type: 'system',
    errno: 'ENOTFOUND',
    code: 'ENOTFOUND'
  },
  code: 'ENOTFOUND',
  [Symbol(gaxios-gaxios-error)]: '6.7.1'
}
Tweet 253 FAIL (Follower count too low)
Tweet 254 FAIL (Follower count too low)
Tweet 255 FAIL (Follower count too low)
Tweet 256 FAIL (Follower count too low)
Tweet 257 FAIL (Follower count too low)
Tweet 258 FAIL (Follower count too low)
Tweet 259 FAIL (Follower count too low)
Tweet analysis result: PASS
Tweet 260 PASS
✅ Added relevant tweet: https://twitter.com/dexsignals/status/1938756685897830801
Tweet analysis result: PASS
Tweet 261 PASS
✅ Added relevant tweet: https://twitter.com/EigenPhi_Alert/status/1938756826805477808
Tweet 262 FAIL (Follower count too low)
Tweet 263 FAIL (Follower count too low)
Tweet 264 FAIL (Follower count too low)
Tweet 265 FAIL (Follower count too low)
Tweet 266 FAIL (Follower count too low)
Tweet 267 FAIL (Follower count too low)
Tweet analysis result: PASS
Tweet 268 PASS
✅ Added relevant tweet: https://twitter.com/MfersGif/status/1938757428612604260
Tweet 269 FAIL (Follower count too low)
Tweet 270 FAIL (Follower count too low)
Tweet 271 FAIL (Follower count too low)
Tweet 272 FAIL (Follower count too low)
Tweet 273 FAIL (Follower count too low)
Tweet 274 FAIL (Follower count too low)
Tweet 275 FAIL (Follower count too low)
Tweet 276 FAIL (Follower count too low)
Tweet 277 FAIL (Follower count too low)
Tweet 278 FAIL (Follower count too low)
Tweet 279 FAIL (Follower count too low)
Tweet analysis result: PASS
Tweet 280 PASS
✅ Added relevant tweet: https://twitter.com/1000xgirl/status/1938759250332786921
Tweet 281 FAIL (Follower count too low)
Tweet 282 FAIL (Follower count too low)
Tweet analysis result: FAIL (Analysis timeout)
Tweet 283 FAIL (Follower count too low)
Tweet 284 FAIL (Follower count too low)
Tweet 285 FAIL (Follower count too low)
Tweet analysis result: FAIL (Analysis timeout)
Tweet 286 FAIL (Follower count too low)
Tweet 287 FAIL (Follower count too low)
Tweet 288 FAIL (Follower count too low)
Tweet 289 FAIL (Follower count too low)
Tweet analysis result: PASS
Tweet 290 PASS
✅ Added relevant tweet: https://twitter.com/epicliving5/status/1938760479226372172
Already processing, skipping...
Tweet analysis result: PASS
Tweet 291 PASS
✅ Added relevant tweet: https://twitter.com/rickcrites/status/1938760531642286238
Tweet analysis result: FAIL (Analysis timeout)
Tweet 292 FAIL (Follower count too low)
Tweet 293 FAIL (Follower count too low)
Tweet 294 FAIL (Follower count too low)
Tweet 295 FAIL (Follower count too low)
Tweet 296 FAIL (Follower count too low)
Tweet 297 FAIL (Follower count too low)
Tweet 298 FAIL (Follower count too low)
Tweet 299 FAIL (Follower count too low)
Tweet analysis result: PASS
Tweet 300 PASS
✅ Added relevant tweet: https://twitter.com/richardwams/status/1938761597775954140
Tweet 301 FAIL (Follower count too low)
Tweet 302 FAIL (Follower count too low)
Tweet 303 FAIL (Follower count too low)
Tweet analysis result: FAIL (Analysis timeout)
Tweet 304 FAIL (Follower count too low)
Tweet 305 FAIL (Follower count too low)
Tweet analysis result: PASS
Tweet 306 PASS
✅ Added relevant tweet: https://twitter.com/Arabella_nee/status/1938762491083006020
Tweet 307 FAIL (Follower count too low)
Tweet 308 FAIL (Follower count too low)
Tweet 309 FAIL (Follower count too low)
Tweet 310 FAIL (Follower count too low)
Tweet 311 FAIL (Follower count too low)
Tweet analysis result: PASS
Tweet 312 PASS
✅ Added relevant tweet: https://twitter.com/xcopybot/status/1938763665756328310
Tweet analysis result: FAIL (Analysis timeout)
Tweet 313 FAIL (Follower count too low)
Tweet analysis result: FAIL (Analysis timeout)
Tweet 314 FAIL (Follower count too low)
Tweet analysis result: PASS
Tweet 315 PASS
✅ Added relevant tweet: https://twitter.com/xcopybot/status/1938763957273030823
Tweet analysis result: PASS
Tweet 316 PASS
✅ Added relevant tweet: https://twitter.com/klik_evm/status/1938763983722553393
Tweet analysis result: PASS
Tweet 317 PASS
✅ Added relevant tweet: https://twitter.com/EmblemMarkets/status/1938764053549031505
Tweet 318 FAIL (Follower count too low)
Tweet 319 FAIL (Follower count too low)
Tweet 320 FAIL (Follower count too low)
Tweet 321 FAIL (Follower count too low)
Tweet analysis result: FAIL (Analysis timeout)
Tweet 322 FAIL (Follower count too low)
Tweet 323 FAIL (Follower count too low)
Tweet 324 FAIL (Follower count too low)
Tweet 325 FAIL (Follower count too low)
Tweet 326 FAIL (Follower count too low)
Tweet 327 FAIL (Follower count too low)
Tweet 328 FAIL (Follower count too low)
Tweet analysis result: FAIL (Analysis timeout)
Already processing, skipping...
Tweet 329 FAIL (Follower count too low)
Tweet 330 FAIL (Follower count too low)
Tweet 331 FAIL (Follower count too low)
Tweet 332 FAIL (Follower count too low)
Tweet 333 FAIL (Follower count too low)
Tweet 334 FAIL (Follower count too low)
Tweet analysis result: FAIL (Analysis timeout)
Tweet 335 FAIL (Follower count too low)
Tweet 336 FAIL (Follower count too low)
Tweet 337 FAIL (Follower count too low)
Tweet analysis result: FAIL (Analysis timeout)
Tweet analysis result: PASS
Tweet 338 PASS
✅ Added relevant tweet: https://twitter.com/danivaweb3/status/1938766835668918666
Tweet analysis result: FAIL (Analysis timeout)
Tweet 339 FAIL (Follower count too low)
Tweet analysis result: FAIL (Analysis timeout)
Tweet analysis result: PASS
Tweet 340 PASS
✅ Added relevant tweet: https://twitter.com/EmblemMarkets/status/1938766862810034463
Tweet analysis result: PASS
Tweet 341 PASS
✅ Added relevant tweet: https://twitter.com/naiivememe/status/1938766916036026716
Tweet 342 FAIL (Follower count too low)
Tweet 343 FAIL (Follower count too low)
Tweet 344 FAIL (Follower count too low)
Tweet 345 FAIL (Follower count too low)
Tweet analysis result: PASS
Tweet 346 PASS
✅ Added relevant tweet: https://twitter.com/EmblemMarkets/status/1938767822336733417
Tweet 347 FAIL (Follower count too low)
Tweet 348 FAIL (Follower count too low)
Tweet 349 FAIL (Follower count too low)
Tweet 350 FAIL (Follower count too low)
Tweet 351 FAIL (Follower count too low)
Tweet 352 FAIL (Follower count too low)
Tweet 353 FAIL (Follower count too low)
Failed to load profile for @AIopsarchitect: Waiting for selector `a[href*="verified_followers"] span > span` failed: Waiting failed: 15000ms exceeded
Tweet 354 FAIL (Follower count too low)
Tweet analysis result: FAIL (Analysis timeout)
Failed to load profile for @JacobRodri74105: Waiting for selector `a[href*="verified_followers"] span > span` failed: Waiting failed: 15000ms exceeded
Tweet 355 FAIL (Follower count too low)
Failed to load profile for @choi_bn: Waiting for selector `a[href*="verified_followers"] span > span` failed: Waiting failed: 15000ms exceeded
Tweet analysis result: FAIL (Analysis timeout)
Tweet 356 FAIL (Follower count too low)
Tweet analysis result: FAIL (Analysis timeout)
Failed to load profile for @snehtical: Waiting for selector `a[href*="verified_followers"] span > span` failed: Waiting failed: 15000ms exceeded
Tweet 357 FAIL (Follower count too low)
Already processing, skipping...
Failed to load profile for @Ozzi799430: Waiting for selector `a[href*="verified_followers"] span > span` failed: Waiting failed: 15000ms exceeded
Tweet 358 FAIL (Follower count too low)
Tweet 359 FAIL (Follower count too low)
Tweet analysis result: FAIL (Analysis timeout)
Tweet analysis result: PASS
Tweet 360 PASS
✅ Added relevant tweet: https://twitter.com/bot_hype13170/status/1938769239663403118
Tweet 361 FAIL (Follower count too low)
Tweet 362 FAIL (Follower count too low)
Tweet 363 FAIL (Follower count too low)
Tweet 364 FAIL (Follower count too low)
Tweet 365 FAIL (Follower count too low)
Tweet 366 FAIL (Follower count too low)
Tweet 367 FAIL (Follower count too low)
Tweet 368 FAIL (Follower count too low)
Tweet analysis result: PASS
Tweet 369 PASS
✅ Added relevant tweet: https://twitter.com/VixoWEB3/status/1938770514421457083
Tweet 370 FAIL (Follower count too low)
Tweet 371 FAIL (Follower count too low)
Tweet 372 FAIL (Follower count too low)
Tweet analysis result: PASS
Tweet 373 PASS
✅ Added relevant tweet: https://twitter.com/TheAwal024/status/1938771455166005753
Tweet 374 FAIL (Follower count too low)
Tweet 375 FAIL (Follower count too low)
Tweet 376 FAIL (Follower count too low)
Tweet 377 FAIL (Follower count too low)
Tweet 378 FAIL (Follower count too low)
Tweet 379 FAIL (Follower count too low)
Tweet analysis result: PASS
Tweet 380 PASS
✅ Added relevant tweet: https://twitter.com/im_serPAI/status/1938771964727865806
Tweet analysis result: FAIL (Analysis timeout)
Tweet 381 FAIL (Follower count too low)
Tweet 382 FAIL (Follower count too low)
Tweet 383 FAIL (Follower count too low)
Tweet analysis result: PASS
Tweet 384 PASS
✅ Added relevant tweet: https://twitter.com/SereneSolitudeS/status/1938772795451691324
Tweet 385 FAIL (Follower count too low)
Tweet analysis result: PASS
Tweet 386 PASS
✅ Added relevant tweet: https://twitter.com/dexsignals/status/1938773590213861442
Tweet analysis result: PASS
Tweet 387 PASS
✅ Added relevant tweet: https://twitter.com/JenniferDiegel/status/1938773771680461200
Tweet 388 FAIL (Follower count too low)
Tweet analysis result: FAIL (Analysis timeout)
Tweet 389 FAIL (Follower count too low)
Tweet 390 FAIL (Follower count too low)
Already processing, skipping...
Tweet 391 FAIL (Follower count too low)
Tweet 392 FAIL (Follower count too low)
Tweet analysis result: FAIL (Analysis timeout)
Tweet 393 FAIL (Follower count too low)
Tweet 394 FAIL (Follower count too low)
Tweet 395 FAIL (Follower count too low)
Tweet 396 FAIL (Follower count too low)
Tweet 397 FAIL (Follower count too low)
Tweet 398 FAIL (Follower count too low)
Tweet 399 FAIL (Follower count too low)
Tweet analysis result: FAIL (Analysis timeout)
Failed to load profile for @1NFTMuse_: Waiting for selector `a[href*="verified_followers"] span > span` failed: Waiting failed: 15000ms exceeded
Tweet 400 FAIL (Follower count too low)
Tweet 401 FAIL (Follower count too low)
Tweet 402 FAIL (Follower count too low)
Tweet analysis result: FAIL (Analysis timeout)
Tweet analysis result: PASS
Tweet 403 PASS
✅ Added relevant tweet: https://twitter.com/JourneyMacro/status/1938776488708649131
Tweet 404 FAIL (Follower count too low)
Tweet 405 FAIL (Follower count too low)
Tweet analysis result: FAIL (Analysis timeout)
Tweet analysis result: PASS
Tweet 406 PASS
✅ Added relevant tweet: https://twitter.com/SVF_AI/status/1938776693814198363
Tweet analysis result: FAIL (Analysis timeout)
Tweet 407 FAIL (Follower count too low)
Tweet 408 FAIL (Follower count too low)
Tweet 409 FAIL (Follower count too low)
Tweet 410 FAIL (Follower count too low)
Tweet analysis result: PASS
Tweet 411 PASS
✅ Added relevant tweet: https://twitter.com/spliffymagoo/status/1938776810830942340
Tweet 412 FAIL (Follower count too low)
Tweet 413 FAIL (Follower count too low)
Tweet 414 FAIL (Follower count too low)
Tweet 415 FAIL (Follower count too low)
Tweet 416 FAIL (Follower count too low)
Tweet 417 FAIL (Follower count too low)
Tweet 418 FAIL (Follower count too low)
Tweet 419 FAIL (Follower count too low)
Tweet 420 FAIL (Follower count too low)
Tweet 421 FAIL (Follower count too low)
Tweet 422 FAIL (Follower count too low)
Tweet analysis result: PASS
Tweet analysis result: FAIL (Analysis timeout)
Tweet 423 PASS
✅ Added relevant tweet: https://twitter.com/jaime_solis/status/1938778514578129352
Already processing, skipping...
Tweet 424 FAIL (Follower count too low)
Tweet 425 FAIL (Follower count too low)
Tweet 426 FAIL (Follower count too low)
Tweet analysis result: FAIL (Analysis timeout)
Tweet analysis result: PASS
Tweet 427 PASS
✅ Added relevant tweet: https://twitter.com/Alphaseeker_/status/1938779047754133966
Tweet 428 FAIL (Follower count too low)
Tweet 429 FAIL (Follower count too low)
Tweet 430 FAIL (Follower count too low)
Tweet analysis result: FAIL (Analysis timeout)
Tweet 431 FAIL (Follower count too low)
Tweet analysis result: FAIL (Analysis timeout)
Tweet analysis result: FAIL (Analysis timeout)
Tweet 432 FAIL (Follower count too low)
Tweet 433 FAIL (Follower count too low)
Tweet 434 FAIL (Follower count too low)
Tweet 435 FAIL (Follower count too low)
Tweet 436 FAIL (Follower count too low)
Tweet 437 FAIL (Follower count too low)
Tweet 438 FAIL (Follower count too low)
Tweet 439 FAIL (Follower count too low)
Tweet 440 FAIL (Follower count too low)
Tweet 441 FAIL (Follower count too low)
Tweet 442 FAIL (Follower count too low)
Tweet analysis result: PASS
Tweet 443 PASS
✅ Added relevant tweet: https://twitter.com/grok/status/1938781316054687825
Tweet analysis result: PASS
Tweet 444 PASS
✅ Added relevant tweet: https://twitter.com/kentlinyy/status/1938781343455785454
Tweet 445 FAIL (Follower count too low)
Tweet 446 FAIL (Follower count too low)
Tweet 447 FAIL (Follower count too low)
Tweet 448 FAIL (Follower count too low)
Tweet 449 FAIL (Follower count too low)
Tweet 450 FAIL (Follower count too low)
Tweet 451 FAIL (Follower count too low)
Tweet 452 FAIL (Follower count too low)
Tweet 453 FAIL (Follower count too low)
Tweet 454 FAIL (Follower count too low)
Tweet 455 FAIL (Follower count too low)
Tweet 456 FAIL (Follower count too low)
Tweet 457 FAIL (Follower count too low)
Tweet 458 FAIL (Follower count too low)
Tweet 459 FAIL (Follower count too low)
Tweet 460 FAIL (Follower count too low)
Tweet analysis result: PASS
Tweet 461 PASS
✅ Added relevant tweet: https://twitter.com/Its_Dammydee/status/1938783164962603071
Tweet analysis result: FAIL (Analysis timeout)
Tweet 462 FAIL (Follower count too low)
Tweet analysis result: FAIL (Analysis timeout)
Already processing, skipping...
Tweet 463 FAIL (Follower count too low)
Tweet 464 FAIL (Follower count too low)
Tweet 465 FAIL (Follower count too low)
Tweet 466 FAIL (Follower count too low)
Tweet 467 FAIL (Follower count too low)
Tweet 468 FAIL (Follower count too low)
Tweet 469 FAIL (Follower count too low)
Tweet 470 FAIL (Follower count too low)
Tweet 471 FAIL (Follower count too low)
Tweet 472 FAIL (Follower count too low)
Tweet analysis result: PASS
Tweet 473 PASS
✅ Added relevant tweet: https://twitter.com/padeldotfun/status/1938785264358633954
Tweet 474 FAIL (Follower count too low)
Tweet analysis result: PASS
Tweet 475 PASS
✅ Added relevant tweet: https://twitter.com/MeltedMindz/status/1938785346592121284
Tweet 476 FAIL (Follower count too low)
Tweet analysis result: PASS
Tweet 477 PASS
✅ Added relevant tweet: https://twitter.com/crypto_whispers/status/1938785521079025890
Tweet analysis result: FAIL (Analysis timeout)
Tweet 478 FAIL (Follower count too low)
Tweet 479 FAIL (Follower count too low)
Tweet analysis result: PASS
Tweet 480 PASS
✅ Added relevant tweet: https://twitter.com/AirdropFinder55/status/1938785756681773506
Tweet 481 FAIL (Follower count too low)
Tweet 482 FAIL (Follower count too low)
Tweet 483 FAIL (Follower count too low)
Tweet 484 FAIL (Follower count too low)
Tweet 485 FAIL (Follower count too low)
Tweet 486 FAIL (Follower count too low)
Tweet 487 FAIL (Follower count too low)
Tweet 488 FAIL (Follower count too low)
Tweet 489 FAIL (Follower count too low)
Tweet 490 FAIL (Follower count too low)
Tweet analysis result: FAIL (Analysis timeout)
Tweet analysis result: PASS
Tweet 491 PASS
✅ Added relevant tweet: https://twitter.com/JenniferDiegel/status/1938787083906359582
Tweet analysis result: FAIL (Analysis timeout)
Tweet analysis result: FAIL (Analysis timeout)
Tweet 492 FAIL (Follower count too low)
Tweet 493 FAIL (Follower count too low)
Tweet 494 FAIL (Follower count too low)
Tweet analysis result: FAIL (Analysis timeout)
Tweet analysis result: PASS
Tweet 495 PASS
✅ Added relevant tweet: https://twitter.com/TheCurrencyA/status/1938787982296613262
Tweet 496 FAIL (Follower count too low)
Tweet analysis result: PASS
Tweet 497 PASS
✅ Added relevant tweet: https://twitter.com/CryptoNewsHntrs/status/1938788476494979463
Tweet 498 FAIL (Follower count too low)
Tweet 499 FAIL (Follower count too low)
Tweet analysis result: PASS
Tweet 500 PASS
✅ Added relevant tweet: https://twitter.com/crypto_mania3/status/1938788790165987732
Tweet 501 FAIL (Follower count too low)
Tweet analysis result: PASS
Tweet 502 PASS
✅ Added relevant tweet: https://twitter.com/dexsignals/status/1938789015333040333
Tweet 503 FAIL (Follower count too low)
Tweet analysis result: FAIL (Analysis timeout)
Tweet 504 FAIL (Follower count too low)
Tweet 505 FAIL (Follower count too low)
Tweet 506 FAIL (Follower count too low)
Tweet analysis result: FAIL (Analysis timeout)
Tweet analysis result: FAIL (Analysis timeout)
Tweet analysis result: FAIL (Analysis timeout)
Tweet analysis result: PASS
Tweet 507 PASS
✅ Added relevant tweet: https://twitter.com/nftvaluations/status/1938789622185627842
Tweet analysis result: FAIL (Analysis timeout)
Tweet 508 FAIL (Follower count too low)
Tweet 509 FAIL (Follower count too low)
Tweet 510 FAIL (Follower count too low)
Tweet 511 FAIL (Follower count too low)
Tweet analysis result: PASS
Tweet 512 PASS
✅ Added relevant tweet: https://twitter.com/Sensei_HG/status/1938790155567145209
Tweet 513 FAIL (Follower count too low)
Tweet 514 FAIL (Follower count too low)
Tweet 515 FAIL (Follower count too low)
Tweet analysis result: PASS
Tweet 516 PASS
✅ Added relevant tweet: https://twitter.com/bot_hype13170/status/1938790549969842255
Tweet analysis result: FAIL (Analysis timeout)
Tweet analysis result: FAIL (Analysis timeout)
Tweet analysis result: FAIL (Analysis timeout)
Tweet analysis result: PASS
Tweet 517 PASS
✅ Added relevant tweet: https://twitter.com/trevorsaysstuff/status/1938790888546714028
Tweet 518 FAIL (Follower count too low)
Tweet 519 FAIL (Follower count too low)
Tweet 520 FAIL (Follower count too low)
Tweet analysis result: PASS
Tweet 521 PASS
✅ Added relevant tweet: https://twitter.com/materkel/status/1938791650484011025
Tweet 522 FAIL (Follower count too low)
Tweet 523 FAIL (Follower count too low)
Tweet analysis result: PASS
Tweet 524 PASS
✅ Added relevant tweet: https://twitter.com/Zedzies/status/1938791786933105004
Tweet 525 FAIL (Follower count too low)
Tweet 526 FAIL (Follower count too low)
Tweet analysis result: FAIL (Analysis timeout)
Tweet analysis result: FAIL (Analysis timeout)
Tweet analysis result: FAIL (Analysis timeout)
Tweet 527 FAIL (Follower count too low)
Tweet 528 FAIL (Follower count too low)
Tweet analysis result: PASS
Tweet 529 PASS
✅ Added relevant tweet: https://twitter.com/johnmorganFL/status/1938792721784656265
Tweet 530 FAIL (Follower count too low)
Tweet 531 FAIL (Follower count too low)
Tweet 532 FAIL (Follower count too low)
Tweet 533 FAIL (Follower count too low)
Tweet 534 FAIL (Follower count too low)
Tweet 535 FAIL (Follower count too low)
Tweet 536 FAIL (Follower count too low)
Tweet analysis result: FAIL (Analysis timeout)
Tweet 537 FAIL (Follower count too low)
Tweet 538 FAIL (Follower count too low)
Tweet analysis result: PASS
Tweet 539 PASS
✅ Added relevant tweet: https://twitter.com/nansen_ai/status/1938794265590800641
Tweet analysis result: PASS
Tweet 540 PASS
✅ Added relevant tweet: https://twitter.com/79Aliba_ba/status/1938794271458615519
Tweet 541 FAIL (Follower count too low)
Tweet 542 FAIL (Follower count too low)
Tweet analysis result: PASS
Tweet 543 PASS
✅ Added relevant tweet: https://twitter.com/defaixbt/status/1938794489470136521
Tweet 544 FAIL (Follower count too low)
Tweet 545 FAIL (Follower count too low)
Tweet 546 FAIL (Follower count too low)
Tweet analysis result: FAIL (Analysis timeout)
Tweet analysis result: FAIL (Analysis timeout)
Tweet analysis result: FAIL (Analysis timeout)
Tweet 547 FAIL (Follower count too low)
Tweet 548 FAIL (Follower count too low)
Tweet 549 FAIL (Follower count too low)
Tweet 550 FAIL (Follower count too low)
Tweet 551 FAIL (Follower count too low)
Tweet 552 FAIL (Follower count too low)
Tweet 553 FAIL (Follower count too low)
Tweet 554 FAIL (Follower count too low)
Tweet 555 FAIL (Follower count too low)
Tweet 556 FAIL (Follower count too low)
Tweet 557 FAIL (Follower count too low)
Tweet analysis result: PASS
Tweet 558 PASS
✅ Added relevant tweet: https://twitter.com/AskPerplexity/status/1938796364160262507
Tweet 559 FAIL (Follower count too low)
Tweet 560 FAIL (Follower count too low)
Tweet analysis result: PASS
Tweet 561 PASS
✅ Added relevant tweet: https://twitter.com/Ilia68199676/status/1938796660852654491
Tweet 562 FAIL (Follower count too low)
Tweet 563 FAIL (Follower count too low)
Tweet 564 FAIL (Follower count too low)
Tweet 565 FAIL (Follower count too low)
Tweet 566 FAIL (Follower count too low)
Cleaning up and stopping monitoring...
Cleaning up and stopping monitoring...
